{"/Users/alexyu/projects/personal/react-torrent/.worktrees/019-comprehensive-test-suite/src/components/add-torrent-modal.tsx": {"path":"/Users/alexyu/projects/personal/react-torrent/.worktrees/019-comprehensive-test-suite/src/components/add-torrent-modal.tsx","all":false,"statementMap":{"0":{"start":{"line":1,"column":0},"end":{"line":1,"column":25}},"1":{"start":{"line":2,"column":0},"end":{"line":2,"column":77}},"2":{"start":{"line":3,"column":0},"end":{"line":3,"column":46}},"3":{"start":{"line":4,"column":0},"end":{"line":4,"column":8}},"11":{"start":{"line":12,"column":0},"end":{"line":12,"column":47}},"12":{"start":{"line":13,"column":0},"end":{"line":13,"column":45}},"13":{"start":{"line":14,"column":0},"end":{"line":14,"column":45}},"14":{"start":{"line":15,"column":0},"end":{"line":15,"column":52}},"15":{"start":{"line":16,"column":0},"end":{"line":16,"column":75}},"16":{"start":{"line":17,"column":0},"end":{"line":17,"column":52}},"17":{"start":{"line":18,"column":0},"end":{"line":18,"column":60}},"27":{"start":{"line":28,"column":0},"end":{"line":28,"column":76}},"28":{"start":{"line":29,"column":0},"end":{"line":29,"column":32}},"29":{"start":{"line":30,"column":0},"end":{"line":30,"column":38}},"32":{"start":{"line":33,"column":0},"end":{"line":33,"column":69}},"33":{"start":{"line":34,"column":0},"end":{"line":34,"column":56}},"34":{"start":{"line":35,"column":0},"end":{"line":35,"column":75}},"35":{"start":{"line":36,"column":0},"end":{"line":36,"column":52}},"36":{"start":{"line":37,"column":0},"end":{"line":37,"column":52}},"37":{"start":{"line":38,"column":0},"end":{"line":38,"column":70}},"38":{"start":{"line":39,"column":0},"end":{"line":39,"column":61}},"39":{"start":{"line":40,"column":0},"end":{"line":40,"column":46}},"42":{"start":{"line":43,"column":0},"end":{"line":43,"column":69}},"45":{"start":{"line":46,"column":0},"end":{"line":46,"column":25}},"46":{"start":{"line":47,"column":0},"end":{"line":47,"column":17}},"47":{"start":{"line":48,"column":0},"end":{"line":48,"column":33}},"48":{"start":{"line":49,"column":0},"end":{"line":49,"column":5}},"49":{"start":{"line":50,"column":0},"end":{"line":50,"column":14}},"52":{"start":{"line":53,"column":0},"end":{"line":53,"column":59}},"55":{"start":{"line":56,"column":0},"end":{"line":56,"column":90}},"58":{"start":{"line":59,"column":0},"end":{"line":59,"column":45}},"59":{"start":{"line":60,"column":0},"end":{"line":60,"column":29}},"60":{"start":{"line":61,"column":0},"end":{"line":61,"column":47}},"61":{"start":{"line":62,"column":0},"end":{"line":62,"column":20}},"62":{"start":{"line":63,"column":0},"end":{"line":63,"column":4}},"65":{"start":{"line":66,"column":0},"end":{"line":66,"column":41}},"66":{"start":{"line":67,"column":0},"end":{"line":67,"column":39}},"67":{"start":{"line":68,"column":0},"end":{"line":68,"column":50}},"68":{"start":{"line":69,"column":0},"end":{"line":69,"column":40}},"69":{"start":{"line":70,"column":0},"end":{"line":70,"column":40}},"70":{"start":{"line":71,"column":0},"end":{"line":71,"column":82}},"71":{"start":{"line":72,"column":0},"end":{"line":72,"column":28}},"72":{"start":{"line":73,"column":0},"end":{"line":73,"column":9}},"73":{"start":{"line":74,"column":0},"end":{"line":74,"column":22}},"74":{"start":{"line":75,"column":0},"end":{"line":75,"column":63}},"75":{"start":{"line":76,"column":0},"end":{"line":76,"column":19}},"76":{"start":{"line":77,"column":0},"end":{"line":77,"column":6}},"77":{"start":{"line":78,"column":0},"end":{"line":78,"column":30}},"78":{"start":{"line":79,"column":0},"end":{"line":79,"column":59}},"79":{"start":{"line":80,"column":0},"end":{"line":80,"column":6}},"80":{"start":{"line":81,"column":0},"end":{"line":81,"column":4}},"83":{"start":{"line":84,"column":0},"end":{"line":84,"column":39}},"84":{"start":{"line":85,"column":0},"end":{"line":85,"column":31}},"85":{"start":{"line":86,"column":0},"end":{"line":86,"column":42}},"86":{"start":{"line":87,"column":0},"end":{"line":87,"column":40}},"87":{"start":{"line":88,"column":0},"end":{"line":88,"column":40}},"88":{"start":{"line":89,"column":0},"end":{"line":89,"column":82}},"89":{"start":{"line":90,"column":0},"end":{"line":90,"column":28}},"90":{"start":{"line":91,"column":0},"end":{"line":91,"column":9}},"91":{"start":{"line":92,"column":0},"end":{"line":92,"column":22}},"92":{"start":{"line":93,"column":0},"end":{"line":93,"column":63}},"93":{"start":{"line":94,"column":0},"end":{"line":94,"column":19}},"94":{"start":{"line":95,"column":0},"end":{"line":95,"column":6}},"95":{"start":{"line":96,"column":0},"end":{"line":96,"column":30}},"96":{"start":{"line":97,"column":0},"end":{"line":97,"column":59}},"97":{"start":{"line":98,"column":0},"end":{"line":98,"column":6}},"98":{"start":{"line":99,"column":0},"end":{"line":99,"column":4}},"101":{"start":{"line":102,"column":0},"end":{"line":102,"column":27}},"102":{"start":{"line":103,"column":0},"end":{"line":103,"column":26}},"103":{"start":{"line":104,"column":0},"end":{"line":104,"column":21}},"104":{"start":{"line":105,"column":0},"end":{"line":105,"column":25}},"105":{"start":{"line":106,"column":0},"end":{"line":106,"column":19}},"106":{"start":{"line":107,"column":0},"end":{"line":107,"column":19}},"107":{"start":{"line":108,"column":0},"end":{"line":108,"column":23}},"108":{"start":{"line":109,"column":0},"end":{"line":109,"column":25}},"109":{"start":{"line":110,"column":0},"end":{"line":110,"column":16}},"110":{"start":{"line":111,"column":0},"end":{"line":111,"column":31}},"111":{"start":{"line":112,"column":0},"end":{"line":112,"column":37}},"112":{"start":{"line":113,"column":0},"end":{"line":113,"column":5}},"113":{"start":{"line":114,"column":0},"end":{"line":114,"column":3}},"116":{"start":{"line":117,"column":0},"end":{"line":117,"column":29}},"117":{"start":{"line":118,"column":0},"end":{"line":118,"column":15}},"118":{"start":{"line":119,"column":0},"end":{"line":119,"column":13}},"119":{"start":{"line":120,"column":0},"end":{"line":120,"column":3}},"122":{"start":{"line":123,"column":0},"end":{"line":123,"column":72}},"123":{"start":{"line":124,"column":0},"end":{"line":124,"column":36}},"124":{"start":{"line":125,"column":0},"end":{"line":125,"column":15}},"125":{"start":{"line":126,"column":0},"end":{"line":126,"column":27}},"126":{"start":{"line":127,"column":0},"end":{"line":127,"column":18}},"127":{"start":{"line":128,"column":0},"end":{"line":128,"column":5}},"128":{"start":{"line":129,"column":0},"end":{"line":129,"column":3}},"131":{"start":{"line":132,"column":0},"end":{"line":132,"column":56}},"132":{"start":{"line":133,"column":0},"end":{"line":133,"column":45}},"133":{"start":{"line":134,"column":0},"end":{"line":134,"column":3}},"136":{"start":{"line":137,"column":0},"end":{"line":137,"column":30}},"137":{"start":{"line":138,"column":0},"end":{"line":138,"column":16}},"139":{"start":{"line":140,"column":0},"end":{"line":140,"column":33}},"140":{"start":{"line":141,"column":0},"end":{"line":141,"column":31}},"141":{"start":{"line":142,"column":0},"end":{"line":142,"column":53}},"142":{"start":{"line":143,"column":0},"end":{"line":143,"column":14}},"143":{"start":{"line":144,"column":0},"end":{"line":144,"column":7}},"144":{"start":{"line":145,"column":0},"end":{"line":145,"column":43}},"145":{"start":{"line":146,"column":0},"end":{"line":146,"column":53}},"146":{"start":{"line":147,"column":0},"end":{"line":147,"column":14}},"147":{"start":{"line":148,"column":0},"end":{"line":148,"column":7}},"148":{"start":{"line":149,"column":0},"end":{"line":149,"column":49}},"149":{"start":{"line":150,"column":0},"end":{"line":150,"column":12}},"150":{"start":{"line":151,"column":0},"end":{"line":151,"column":26}},"151":{"start":{"line":152,"column":0},"end":{"line":152,"column":46}},"152":{"start":{"line":153,"column":0},"end":{"line":153,"column":14}},"153":{"start":{"line":154,"column":0},"end":{"line":154,"column":7}},"154":{"start":{"line":155,"column":0},"end":{"line":155,"column":42}},"155":{"start":{"line":156,"column":0},"end":{"line":156,"column":5}},"156":{"start":{"line":157,"column":0},"end":{"line":157,"column":3}},"158":{"start":{"line":159,"column":0},"end":{"line":159,"column":79}},"159":{"start":{"line":160,"column":0},"end":{"line":160,"column":72}},"161":{"start":{"line":162,"column":0},"end":{"line":162,"column":10}},"162":{"start":{"line":163,"column":0},"end":{"line":163,"column":53}},"163":{"start":{"line":164,"column":0},"end":{"line":164,"column":50}},"164":{"start":{"line":165,"column":0},"end":{"line":165,"column":22}},"165":{"start":{"line":166,"column":0},"end":{"line":166,"column":60}},"166":{"start":{"line":167,"column":0},"end":{"line":167,"column":78}},"167":{"start":{"line":168,"column":0},"end":{"line":168,"column":23}},"169":{"start":{"line":170,"column":0},"end":{"line":170,"column":41}},"171":{"start":{"line":172,"column":0},"end":{"line":172,"column":38}},"172":{"start":{"line":173,"column":0},"end":{"line":173,"column":19}},"173":{"start":{"line":174,"column":0},"end":{"line":174,"column":27}},"174":{"start":{"line":175,"column":0},"end":{"line":175,"column":70}},"175":{"start":{"line":176,"column":0},"end":{"line":176,"column":32}},"176":{"start":{"line":177,"column":0},"end":{"line":177,"column":52}},"178":{"start":{"line":179,"column":0},"end":{"line":179,"column":48}},"179":{"start":{"line":180,"column":0},"end":{"line":180,"column":47}},"180":{"start":{"line":181,"column":0},"end":{"line":181,"column":21}},"181":{"start":{"line":182,"column":0},"end":{"line":182,"column":19}},"182":{"start":{"line":183,"column":0},"end":{"line":183,"column":27}},"183":{"start":{"line":184,"column":0},"end":{"line":184,"column":68}},"184":{"start":{"line":185,"column":0},"end":{"line":185,"column":32}},"185":{"start":{"line":186,"column":0},"end":{"line":186,"column":50}},"187":{"start":{"line":188,"column":0},"end":{"line":188,"column":49}},"188":{"start":{"line":189,"column":0},"end":{"line":189,"column":41}},"189":{"start":{"line":190,"column":0},"end":{"line":190,"column":21}},"190":{"start":{"line":191,"column":0},"end":{"line":191,"column":16}},"193":{"start":{"line":194,"column":0},"end":{"line":194,"column":38}},"194":{"start":{"line":195,"column":0},"end":{"line":195,"column":40}},"195":{"start":{"line":196,"column":0},"end":{"line":196,"column":84}},"196":{"start":{"line":197,"column":0},"end":{"line":197,"column":20}},"197":{"start":{"line":198,"column":0},"end":{"line":198,"column":31}},"198":{"start":{"line":199,"column":0},"end":{"line":199,"column":34}},"199":{"start":{"line":200,"column":0},"end":{"line":200,"column":34}},"200":{"start":{"line":201,"column":0},"end":{"line":201,"column":47}},"201":{"start":{"line":202,"column":0},"end":{"line":202,"column":30}},"202":{"start":{"line":203,"column":0},"end":{"line":203,"column":18}},"203":{"start":{"line":204,"column":0},"end":{"line":204,"column":68}},"204":{"start":{"line":205,"column":0},"end":{"line":205,"column":45}},"205":{"start":{"line":206,"column":0},"end":{"line":206,"column":16}},"206":{"start":{"line":207,"column":0},"end":{"line":207,"column":18}},"210":{"start":{"line":211,"column":0},"end":{"line":211,"column":36}},"211":{"start":{"line":212,"column":0},"end":{"line":212,"column":40}},"212":{"start":{"line":213,"column":0},"end":{"line":213,"column":79}},"213":{"start":{"line":214,"column":0},"end":{"line":214,"column":42}},"214":{"start":{"line":215,"column":0},"end":{"line":215,"column":22}},"215":{"start":{"line":216,"column":0},"end":{"line":216,"column":29}},"216":{"start":{"line":217,"column":0},"end":{"line":217,"column":26}},"217":{"start":{"line":218,"column":0},"end":{"line":218,"column":50}},"218":{"start":{"line":219,"column":0},"end":{"line":219,"column":59}},"219":{"start":{"line":220,"column":0},"end":{"line":220,"column":51}},"220":{"start":{"line":221,"column":0},"end":{"line":221,"column":63}},"221":{"start":{"line":222,"column":0},"end":{"line":222,"column":18}},"222":{"start":{"line":223,"column":0},"end":{"line":223,"column":23}},"223":{"start":{"line":224,"column":0},"end":{"line":224,"column":31}},"224":{"start":{"line":225,"column":0},"end":{"line":225,"column":35}},"225":{"start":{"line":226,"column":0},"end":{"line":226,"column":63}},"227":{"start":{"line":228,"column":0},"end":{"line":228,"column":47}},"228":{"start":{"line":229,"column":0},"end":{"line":229,"column":25}},"229":{"start":{"line":230,"column":0},"end":{"line":230,"column":22}},"230":{"start":{"line":231,"column":0},"end":{"line":231,"column":36}},"231":{"start":{"line":232,"column":0},"end":{"line":232,"column":29}},"232":{"start":{"line":233,"column":0},"end":{"line":233,"column":35}},"233":{"start":{"line":234,"column":0},"end":{"line":234,"column":36}},"234":{"start":{"line":235,"column":0},"end":{"line":235,"column":45}},"235":{"start":{"line":236,"column":0},"end":{"line":236,"column":18}},"236":{"start":{"line":237,"column":0},"end":{"line":237,"column":20}},"237":{"start":{"line":238,"column":0},"end":{"line":238,"column":18}},"241":{"start":{"line":242,"column":0},"end":{"line":242,"column":38}},"242":{"start":{"line":243,"column":0},"end":{"line":243,"column":78}},"243":{"start":{"line":244,"column":0},"end":{"line":244,"column":18}},"244":{"start":{"line":245,"column":0},"end":{"line":245,"column":27}},"245":{"start":{"line":246,"column":0},"end":{"line":246,"column":30}},"246":{"start":{"line":247,"column":0},"end":{"line":247,"column":59}},"247":{"start":{"line":248,"column":0},"end":{"line":248,"column":64}},"248":{"start":{"line":249,"column":0},"end":{"line":249,"column":14}},"249":{"start":{"line":250,"column":0},"end":{"line":250,"column":16}},"252":{"start":{"line":253,"column":0},"end":{"line":253,"column":38}},"253":{"start":{"line":254,"column":0},"end":{"line":254,"column":78}},"254":{"start":{"line":255,"column":0},"end":{"line":255,"column":19}},"255":{"start":{"line":256,"column":0},"end":{"line":256,"column":27}},"256":{"start":{"line":257,"column":0},"end":{"line":257,"column":30}},"257":{"start":{"line":258,"column":0},"end":{"line":258,"column":59}},"258":{"start":{"line":259,"column":0},"end":{"line":259,"column":218}},"260":{"start":{"line":261,"column":0},"end":{"line":261,"column":71}},"261":{"start":{"line":262,"column":0},"end":{"line":262,"column":42}},"262":{"start":{"line":263,"column":0},"end":{"line":263,"column":46}},"263":{"start":{"line":264,"column":0},"end":{"line":264,"column":23}},"264":{"start":{"line":265,"column":0},"end":{"line":265,"column":25}},"265":{"start":{"line":266,"column":0},"end":{"line":266,"column":17}},"266":{"start":{"line":267,"column":0},"end":{"line":267,"column":21}},"267":{"start":{"line":268,"column":0},"end":{"line":268,"column":16}},"270":{"start":{"line":271,"column":0},"end":{"line":271,"column":40}},"271":{"start":{"line":272,"column":0},"end":{"line":272,"column":40}},"272":{"start":{"line":273,"column":0},"end":{"line":273,"column":57}},"273":{"start":{"line":274,"column":0},"end":{"line":274,"column":23}},"274":{"start":{"line":275,"column":0},"end":{"line":275,"column":45}},"275":{"start":{"line":276,"column":0},"end":{"line":276,"column":36}},"276":{"start":{"line":277,"column":0},"end":{"line":277,"column":42}},"277":{"start":{"line":278,"column":0},"end":{"line":278,"column":62}},"278":{"start":{"line":279,"column":0},"end":{"line":279,"column":16}},"279":{"start":{"line":280,"column":0},"end":{"line":280,"column":18}},"283":{"start":{"line":284,"column":0},"end":{"line":284,"column":51}},"284":{"start":{"line":285,"column":0},"end":{"line":285,"column":18}},"285":{"start":{"line":286,"column":0},"end":{"line":286,"column":29}},"286":{"start":{"line":287,"column":0},"end":{"line":287,"column":30}},"287":{"start":{"line":288,"column":0},"end":{"line":288,"column":35}},"288":{"start":{"line":289,"column":0},"end":{"line":289,"column":64}},"289":{"start":{"line":290,"column":0},"end":{"line":290,"column":177}},"290":{"start":{"line":291,"column":0},"end":{"line":291,"column":14}},"291":{"start":{"line":292,"column":0},"end":{"line":292,"column":78}},"292":{"start":{"line":293,"column":0},"end":{"line":293,"column":16}},"295":{"start":{"line":296,"column":0},"end":{"line":296,"column":21}},"296":{"start":{"line":297,"column":0},"end":{"line":297,"column":85}},"297":{"start":{"line":298,"column":0},"end":{"line":298,"column":21}},"298":{"start":{"line":299,"column":0},"end":{"line":299,"column":18}},"300":{"start":{"line":301,"column":0},"end":{"line":301,"column":14}},"302":{"start":{"line":303,"column":0},"end":{"line":303,"column":22}},"303":{"start":{"line":304,"column":0},"end":{"line":304,"column":82}},"304":{"start":{"line":305,"column":0},"end":{"line":305,"column":32}},"305":{"start":{"line":306,"column":0},"end":{"line":306,"column":19}},"306":{"start":{"line":307,"column":0},"end":{"line":307,"column":65}},"307":{"start":{"line":308,"column":0},"end":{"line":308,"column":29}},"308":{"start":{"line":309,"column":0},"end":{"line":309,"column":16}},"309":{"start":{"line":310,"column":0},"end":{"line":310,"column":64}},"310":{"start":{"line":311,"column":0},"end":{"line":311,"column":40}},"311":{"start":{"line":312,"column":0},"end":{"line":312,"column":17}},"313":{"start":{"line":314,"column":0},"end":{"line":314,"column":33}},"315":{"start":{"line":316,"column":0},"end":{"line":316,"column":19}},"316":{"start":{"line":317,"column":0},"end":{"line":317,"column":23}},"317":{"start":{"line":318,"column":0},"end":{"line":318,"column":22}},"318":{"start":{"line":319,"column":0},"end":{"line":319,"column":13}},"320":{"start":{"line":321,"column":0},"end":{"line":321,"column":1}}},"s":{"0":1,"1":1,"2":1,"3":1,"11":1,"12":1,"13":1,"14":1,"15":1,"16":1,"17":1,"27":1,"28":764,"29":764,"32":764,"33":764,"34":764,"35":764,"36":764,"37":764,"38":764,"39":764,"42":764,"45":764,"46":44,"47":43,"48":43,"49":764,"52":764,"55":764,"58":764,"59":764,"60":764,"61":764,"62":764,"65":764,"66":764,"67":15,"68":15,"69":15,"70":15,"71":15,"72":15,"73":764,"74":12,"75":12,"76":12,"77":764,"78":3,"79":3,"80":764,"83":764,"84":764,"85":5,"86":5,"87":5,"88":5,"89":5,"90":5,"91":764,"92":4,"93":4,"94":4,"95":764,"96":1,"97":1,"98":764,"101":764,"102":20,"103":20,"104":20,"105":20,"106":20,"107":20,"108":20,"109":20,"110":20,"111":5,"112":5,"113":20,"116":764,"117":20,"118":20,"119":20,"122":764,"123":8,"124":8,"125":8,"126":8,"127":8,"128":8,"131":764,"132":17,"133":17,"136":764,"137":27,"139":27,"140":20,"141":3,"142":3,"143":3,"144":20,"145":2,"146":2,"147":2,"148":15,"149":27,"150":7,"151":2,"152":2,"153":2,"154":5,"155":5,"156":27,"158":764,"159":764,"161":764,"162":764,"163":764,"164":764,"165":764,"166":764,"167":764,"169":764,"171":764,"172":764,"173":764,"174":764,"175":764,"176":764,"178":764,"179":764,"180":764,"181":764,"182":764,"183":764,"184":764,"185":764,"187":764,"188":764,"189":764,"190":764,"193":764,"194":726,"195":726,"196":726,"197":726,"198":726,"199":726,"200":502,"201":502,"202":502,"203":726,"204":726,"205":726,"206":726,"210":764,"211":38,"212":38,"213":38,"214":38,"215":38,"216":38,"217":38,"218":38,"219":38,"220":38,"221":38,"222":38,"223":38,"224":38,"225":38,"227":38,"228":38,"229":38,"230":38,"231":38,"232":38,"233":38,"234":38,"235":38,"236":38,"237":38,"241":764,"242":764,"243":764,"244":764,"245":764,"246":764,"247":764,"248":764,"249":764,"252":764,"253":764,"254":764,"255":764,"256":764,"257":764,"258":764,"260":764,"261":764,"262":2031,"263":2031,"264":2031,"265":764,"266":764,"267":764,"270":764,"271":11,"272":11,"273":11,"274":11,"275":11,"276":11,"277":11,"278":11,"279":11,"283":764,"284":764,"285":764,"286":764,"287":764,"288":764,"289":764,"290":764,"291":764,"292":764,"295":764,"296":13,"297":13,"298":13,"300":764,"302":764,"303":764,"304":764,"305":764,"306":764,"307":764,"308":2,"309":2,"310":2,"311":2,"313":762,"315":764,"316":764,"317":764,"318":764,"320":764},"branchMap":{"0":{"type":"branch","line":28,"loc":{"start":{"line":28,"column":7},"end":{"line":321,"column":1}},"locations":[{"start":{"line":28,"column":7},"end":{"line":321,"column":1}}]},"1":{"type":"branch","line":159,"loc":{"start":{"line":159,"column":41},"end":{"line":159,"column":79}},"locations":[{"start":{"line":159,"column":41},"end":{"line":159,"column":79}}]},"2":{"type":"branch","line":160,"loc":{"start":{"line":160,"column":23},"end":{"line":160,"column":70}},"locations":[{"start":{"line":160,"column":23},"end":{"line":160,"column":70}}]},"3":{"type":"branch","line":160,"loc":{"start":{"line":160,"column":66},"end":{"line":160,"column":72}},"locations":[{"start":{"line":160,"column":66},"end":{"line":160,"column":72}}]},"4":{"type":"branch","line":175,"loc":{"start":{"line":175,"column":37},"end":{"line":175,"column":60}},"locations":[{"start":{"line":175,"column":37},"end":{"line":175,"column":60}}]},"5":{"type":"branch","line":175,"loc":{"start":{"line":175,"column":48},"end":{"line":175,"column":70}},"locations":[{"start":{"line":175,"column":48},"end":{"line":175,"column":70}}]},"6":{"type":"branch","line":184,"loc":{"start":{"line":184,"column":37},"end":{"line":184,"column":58}},"locations":[{"start":{"line":184,"column":37},"end":{"line":184,"column":58}}]},"7":{"type":"branch","line":184,"loc":{"start":{"line":184,"column":46},"end":{"line":184,"column":68}},"locations":[{"start":{"line":184,"column":46},"end":{"line":184,"column":68}}]},"8":{"type":"branch","line":194,"loc":{"start":{"line":194,"column":25},"end":{"line":207,"column":18}},"locations":[{"start":{"line":194,"column":25},"end":{"line":207,"column":18}}]},"9":{"type":"branch","line":211,"loc":{"start":{"line":211,"column":25},"end":{"line":238,"column":18}},"locations":[{"start":{"line":211,"column":25},"end":{"line":238,"column":18}}]},"10":{"type":"branch","line":218,"loc":{"start":{"line":218,"column":25},"end":{"line":218,"column":47}},"locations":[{"start":{"line":218,"column":25},"end":{"line":218,"column":47}}]},"11":{"type":"branch","line":218,"loc":{"start":{"line":218,"column":39},"end":{"line":218,"column":50}},"locations":[{"start":{"line":218,"column":39},"end":{"line":218,"column":50}}]},"12":{"type":"branch","line":271,"loc":{"start":{"line":271,"column":34},"end":{"line":280,"column":18}},"locations":[{"start":{"line":271,"column":34},"end":{"line":280,"column":18}}]},"13":{"type":"branch","line":296,"loc":{"start":{"line":296,"column":11},"end":{"line":299,"column":18}},"locations":[{"start":{"line":296,"column":11},"end":{"line":299,"column":18}}]},"14":{"type":"branch","line":308,"loc":{"start":{"line":308,"column":13},"end":{"line":312,"column":17}},"locations":[{"start":{"line":308,"column":13},"end":{"line":312,"column":17}}]},"15":{"type":"branch","line":312,"loc":{"start":{"line":312,"column":14},"end":{"line":314,"column":33}},"locations":[{"start":{"line":312,"column":14},"end":{"line":314,"column":33}}]},"16":{"type":"branch","line":46,"loc":{"start":{"line":46,"column":18},"end":{"line":50,"column":5}},"locations":[{"start":{"line":46,"column":18},"end":{"line":50,"column":5}}]},"17":{"type":"branch","line":47,"loc":{"start":{"line":47,"column":16},"end":{"line":49,"column":5}},"locations":[{"start":{"line":47,"column":16},"end":{"line":49,"column":5}}]},"18":{"type":"branch","line":56,"loc":{"start":{"line":56,"column":21},"end":{"line":56,"column":90}},"locations":[{"start":{"line":56,"column":21},"end":{"line":56,"column":90}}]},"19":{"type":"branch","line":56,"loc":{"start":{"line":56,"column":62},"end":{"line":56,"column":90}},"locations":[{"start":{"line":56,"column":62},"end":{"line":56,"column":90}}]},"20":{"type":"branch","line":61,"loc":{"start":{"line":61,"column":13},"end":{"line":61,"column":47}},"locations":[{"start":{"line":61,"column":13},"end":{"line":61,"column":47}}]},"21":{"type":"branch","line":67,"loc":{"start":{"line":67,"column":16},"end":{"line":73,"column":9}},"locations":[{"start":{"line":67,"column":16},"end":{"line":73,"column":9}}]},"22":{"type":"branch","line":69,"loc":{"start":{"line":69,"column":18},"end":{"line":69,"column":40}},"locations":[{"start":{"line":69,"column":18},"end":{"line":69,"column":40}}]},"23":{"type":"branch","line":70,"loc":{"start":{"line":70,"column":18},"end":{"line":70,"column":40}},"locations":[{"start":{"line":70,"column":18},"end":{"line":70,"column":40}}]},"24":{"type":"branch","line":71,"loc":{"start":{"line":71,"column":36},"end":{"line":71,"column":72}},"locations":[{"start":{"line":71,"column":36},"end":{"line":71,"column":72}}]},"25":{"type":"branch","line":74,"loc":{"start":{"line":74,"column":15},"end":{"line":77,"column":6}},"locations":[{"start":{"line":74,"column":15},"end":{"line":77,"column":6}}]},"26":{"type":"branch","line":78,"loc":{"start":{"line":78,"column":13},"end":{"line":80,"column":6}},"locations":[{"start":{"line":78,"column":13},"end":{"line":80,"column":6}}]},"27":{"type":"branch","line":79,"loc":{"start":{"line":79,"column":19},"end":{"line":79,"column":58}},"locations":[{"start":{"line":79,"column":19},"end":{"line":79,"column":58}}]},"28":{"type":"branch","line":85,"loc":{"start":{"line":85,"column":16},"end":{"line":91,"column":9}},"locations":[{"start":{"line":85,"column":16},"end":{"line":91,"column":9}}]},"29":{"type":"branch","line":87,"loc":{"start":{"line":87,"column":18},"end":{"line":87,"column":40}},"locations":[{"start":{"line":87,"column":18},"end":{"line":87,"column":40}}]},"30":{"type":"branch","line":88,"loc":{"start":{"line":88,"column":18},"end":{"line":88,"column":40}},"locations":[{"start":{"line":88,"column":18},"end":{"line":88,"column":40}}]},"31":{"type":"branch","line":89,"loc":{"start":{"line":89,"column":36},"end":{"line":89,"column":72}},"locations":[{"start":{"line":89,"column":36},"end":{"line":89,"column":72}}]},"32":{"type":"branch","line":92,"loc":{"start":{"line":92,"column":15},"end":{"line":95,"column":6}},"locations":[{"start":{"line":92,"column":15},"end":{"line":95,"column":6}}]},"33":{"type":"branch","line":96,"loc":{"start":{"line":96,"column":13},"end":{"line":98,"column":6}},"locations":[{"start":{"line":96,"column":13},"end":{"line":98,"column":6}}]},"34":{"type":"branch","line":97,"loc":{"start":{"line":97,"column":19},"end":{"line":97,"column":58}},"locations":[{"start":{"line":97,"column":19},"end":{"line":97,"column":58}}]},"35":{"type":"branch","line":102,"loc":{"start":{"line":102,"column":20},"end":{"line":114,"column":3}},"locations":[{"start":{"line":102,"column":20},"end":{"line":114,"column":3}}]},"36":{"type":"branch","line":111,"loc":{"start":{"line":111,"column":30},"end":{"line":113,"column":5}},"locations":[{"start":{"line":111,"column":30},"end":{"line":113,"column":5}}]},"37":{"type":"branch","line":117,"loc":{"start":{"line":117,"column":22},"end":{"line":120,"column":3}},"locations":[{"start":{"line":117,"column":22},"end":{"line":120,"column":3}}]},"38":{"type":"branch","line":123,"loc":{"start":{"line":123,"column":27},"end":{"line":129,"column":3}},"locations":[{"start":{"line":123,"column":27},"end":{"line":129,"column":3}}]},"39":{"type":"branch","line":132,"loc":{"start":{"line":132,"column":28},"end":{"line":134,"column":3}},"locations":[{"start":{"line":132,"column":28},"end":{"line":134,"column":3}}]},"40":{"type":"branch","line":137,"loc":{"start":{"line":137,"column":23},"end":{"line":157,"column":3}},"locations":[{"start":{"line":137,"column":23},"end":{"line":157,"column":3}}]},"41":{"type":"branch","line":140,"loc":{"start":{"line":140,"column":32},"end":{"line":150,"column":11}},"locations":[{"start":{"line":140,"column":32},"end":{"line":150,"column":11}}]},"42":{"type":"branch","line":141,"loc":{"start":{"line":141,"column":30},"end":{"line":144,"column":7}},"locations":[{"start":{"line":141,"column":30},"end":{"line":144,"column":7}}]},"43":{"type":"branch","line":144,"loc":{"start":{"line":144,"column":6},"end":{"line":145,"column":42}},"locations":[{"start":{"line":144,"column":6},"end":{"line":145,"column":42}}]},"44":{"type":"branch","line":145,"loc":{"start":{"line":145,"column":42},"end":{"line":148,"column":7}},"locations":[{"start":{"line":145,"column":42},"end":{"line":148,"column":7}}]},"45":{"type":"branch","line":148,"loc":{"start":{"line":148,"column":6},"end":{"line":150,"column":11}},"locations":[{"start":{"line":148,"column":6},"end":{"line":150,"column":11}}]},"46":{"type":"branch","line":150,"loc":{"start":{"line":150,"column":4},"end":{"line":156,"column":5}},"locations":[{"start":{"line":150,"column":4},"end":{"line":156,"column":5}}]},"47":{"type":"branch","line":151,"loc":{"start":{"line":151,"column":25},"end":{"line":154,"column":7}},"locations":[{"start":{"line":151,"column":25},"end":{"line":154,"column":7}}]},"48":{"type":"branch","line":154,"loc":{"start":{"line":154,"column":6},"end":{"line":156,"column":5}},"locations":[{"start":{"line":154,"column":6},"end":{"line":156,"column":5}}]},"49":{"type":"branch","line":177,"loc":{"start":{"line":177,"column":23},"end":{"line":177,"column":52}},"locations":[{"start":{"line":177,"column":23},"end":{"line":177,"column":52}}]},"50":{"type":"branch","line":186,"loc":{"start":{"line":186,"column":23},"end":{"line":186,"column":50}},"locations":[{"start":{"line":186,"column":23},"end":{"line":186,"column":50}}]},"51":{"type":"branch","line":200,"loc":{"start":{"line":200,"column":26},"end":{"line":203,"column":18}},"locations":[{"start":{"line":200,"column":26},"end":{"line":203,"column":18}}]},"52":{"type":"branch","line":247,"loc":{"start":{"line":247,"column":24},"end":{"line":247,"column":59}},"locations":[{"start":{"line":247,"column":24},"end":{"line":247,"column":59}}]},"53":{"type":"branch","line":258,"loc":{"start":{"line":258,"column":24},"end":{"line":258,"column":59}},"locations":[{"start":{"line":258,"column":24},"end":{"line":258,"column":59}}]},"54":{"type":"branch","line":262,"loc":{"start":{"line":262,"column":32},"end":{"line":265,"column":25}},"locations":[{"start":{"line":262,"column":32},"end":{"line":265,"column":25}}]},"55":{"type":"branch","line":289,"loc":{"start":{"line":289,"column":24},"end":{"line":289,"column":64}},"locations":[{"start":{"line":289,"column":24},"end":{"line":289,"column":64}}]}},"b":{"0":[764],"1":[762],"2":[677],"3":[87],"4":[726],"5":[38],"6":[38],"7":[726],"8":[726],"9":[38],"10":[24],"11":[14],"12":[11],"13":[13],"14":[2],"15":[762],"16":[44],"17":[43],"18":[63],"19":[2],"20":[43],"21":[15],"22":[13],"23":[14],"24":[0],"25":[12],"26":[3],"27":[1],"28":[5],"29":[4],"30":[4],"31":[0],"32":[4],"33":[1],"34":[0],"35":[20],"36":[5],"37":[20],"38":[8],"39":[17],"40":[27],"41":[20],"42":[3],"43":[17],"44":[2],"45":[15],"46":[7],"47":[2],"48":[5],"49":[1],"50":[12],"51":[502],"52":[60],"53":[3],"54":[2031],"55":[4]},"fnMap":{"0":{"name":"AddTorrentModal","decl":{"start":{"line":28,"column":7},"end":{"line":321,"column":1}},"loc":{"start":{"line":28,"column":7},"end":{"line":321,"column":1}},"line":28},"1":{"name":"getBaseUrl","decl":{"start":{"line":56,"column":21},"end":{"line":56,"column":90}},"loc":{"start":{"line":56,"column":21},"end":{"line":56,"column":90}},"line":56},"2":{"name":"queryFn","decl":{"start":{"line":61,"column":13},"end":{"line":61,"column":47}},"loc":{"start":{"line":61,"column":13},"end":{"line":61,"column":47}},"line":61},"3":{"name":"mutationFn","decl":{"start":{"line":67,"column":16},"end":{"line":73,"column":9}},"loc":{"start":{"line":67,"column":16},"end":{"line":73,"column":9}},"line":67},"4":{"name":"onSuccess","decl":{"start":{"line":74,"column":15},"end":{"line":77,"column":6}},"loc":{"start":{"line":74,"column":15},"end":{"line":77,"column":6}},"line":74},"5":{"name":"onError","decl":{"start":{"line":78,"column":13},"end":{"line":80,"column":6}},"loc":{"start":{"line":78,"column":13},"end":{"line":80,"column":6}},"line":78},"6":{"name":"mutationFn","decl":{"start":{"line":85,"column":16},"end":{"line":91,"column":9}},"loc":{"start":{"line":85,"column":16},"end":{"line":91,"column":9}},"line":85},"7":{"name":"onSuccess","decl":{"start":{"line":92,"column":15},"end":{"line":95,"column":6}},"loc":{"start":{"line":92,"column":15},"end":{"line":95,"column":6}},"line":92},"8":{"name":"onError","decl":{"start":{"line":96,"column":13},"end":{"line":98,"column":6}},"loc":{"start":{"line":96,"column":13},"end":{"line":98,"column":6}},"line":96},"9":{"name":"resetForm","decl":{"start":{"line":102,"column":20},"end":{"line":114,"column":3}},"loc":{"start":{"line":102,"column":20},"end":{"line":114,"column":3}},"line":102},"10":{"name":"handleClose","decl":{"start":{"line":117,"column":22},"end":{"line":120,"column":3}},"loc":{"start":{"line":117,"column":22},"end":{"line":120,"column":3}},"line":117},"11":{"name":"handleFileChange","decl":{"start":{"line":123,"column":27},"end":{"line":129,"column":3}},"loc":{"start":{"line":123,"column":27},"end":{"line":129,"column":3}},"line":123},"12":{"name":"isValidMagnetLink","decl":{"start":{"line":132,"column":28},"end":{"line":134,"column":3}},"loc":{"start":{"line":132,"column":28},"end":{"line":134,"column":3}},"line":132},"13":{"name":"handleSubmit","decl":{"start":{"line":137,"column":23},"end":{"line":157,"column":3}},"loc":{"start":{"line":137,"column":23},"end":{"line":157,"column":3}},"line":137},"14":{"name":"onClick","decl":{"start":{"line":177,"column":23},"end":{"line":177,"column":52}},"loc":{"start":{"line":177,"column":23},"end":{"line":177,"column":52}},"line":177},"15":{"name":"onClick","decl":{"start":{"line":186,"column":23},"end":{"line":186,"column":50}},"loc":{"start":{"line":186,"column":23},"end":{"line":186,"column":50}},"line":186},"16":{"name":"onChange","decl":{"start":{"line":200,"column":26},"end":{"line":203,"column":18}},"loc":{"start":{"line":200,"column":26},"end":{"line":203,"column":18}},"line":200},"17":{"name":"onClick","decl":{"start":{"line":221,"column":27},"end":{"line":221,"column":63}},"loc":{"start":{"line":221,"column":27},"end":{"line":221,"column":63}},"line":221},"18":{"name":"onClick","decl":{"start":{"line":226,"column":27},"end":{"line":226,"column":63}},"loc":{"start":{"line":226,"column":27},"end":{"line":226,"column":63}},"line":226},"19":{"name":"onChange","decl":{"start":{"line":247,"column":24},"end":{"line":247,"column":59}},"loc":{"start":{"line":247,"column":24},"end":{"line":247,"column":59}},"line":247},"20":{"name":"onChange","decl":{"start":{"line":258,"column":24},"end":{"line":258,"column":59}},"loc":{"start":{"line":258,"column":24},"end":{"line":258,"column":59}},"line":258},"21":{"name":"onChange","decl":{"start":{"line":289,"column":24},"end":{"line":289,"column":64}},"loc":{"start":{"line":289,"column":24},"end":{"line":289,"column":64}},"line":289}},"f":{"0":764,"1":63,"2":43,"3":15,"4":12,"5":3,"6":5,"7":4,"8":1,"9":20,"10":20,"11":8,"12":17,"13":27,"14":1,"15":12,"16":502,"17":0,"18":0,"19":60,"20":3,"21":4}}
,"/Users/alexyu/projects/personal/react-torrent/.worktrees/019-comprehensive-test-suite/src/components/login-form.tsx": {"path":"/Users/alexyu/projects/personal/react-torrent/.worktrees/019-comprehensive-test-suite/src/components/login-form.tsx","all":false,"statementMap":{"0":{"start":{"line":1,"column":0},"end":{"line":1,"column":25}},"1":{"start":{"line":2,"column":0},"end":{"line":2,"column":47}},"2":{"start":{"line":3,"column":0},"end":{"line":3,"column":45}},"3":{"start":{"line":4,"column":0},"end":{"line":4,"column":45}},"4":{"start":{"line":5,"column":0},"end":{"line":5,"column":54}},"13":{"start":{"line":14,"column":0},"end":{"line":14,"column":114}},"14":{"start":{"line":15,"column":0},"end":{"line":15,"column":39}},"15":{"start":{"line":16,"column":0},"end":{"line":16,"column":66}},"16":{"start":{"line":17,"column":0},"end":{"line":17,"column":66}},"18":{"start":{"line":19,"column":0},"end":{"line":19,"column":25}},"20":{"start":{"line":21,"column":0},"end":{"line":21,"column":85}},"21":{"start":{"line":22,"column":0},"end":{"line":22,"column":90}},"22":{"start":{"line":23,"column":0},"end":{"line":23,"column":41}},"25":{"start":{"line":26,"column":0},"end":{"line":26,"column":29}},"27":{"start":{"line":28,"column":0},"end":{"line":28,"column":52}},"28":{"start":{"line":29,"column":0},"end":{"line":29,"column":52}},"32":{"start":{"line":33,"column":0},"end":{"line":33,"column":59}},"35":{"start":{"line":36,"column":0},"end":{"line":36,"column":21}},"36":{"start":{"line":37,"column":0},"end":{"line":37,"column":3}},"38":{"start":{"line":39,"column":0},"end":{"line":39,"column":10}},"39":{"start":{"line":40,"column":0},"end":{"line":40,"column":103}},"40":{"start":{"line":41,"column":0},"end":{"line":41,"column":77}},"41":{"start":{"line":42,"column":0},"end":{"line":42,"column":85}},"42":{"start":{"line":43,"column":0},"end":{"line":43,"column":19}},"43":{"start":{"line":44,"column":0},"end":{"line":44,"column":66}},"45":{"start":{"line":46,"column":0},"end":{"line":46,"column":36}},"46":{"start":{"line":47,"column":0},"end":{"line":47,"column":63}},"47":{"start":{"line":48,"column":0},"end":{"line":48,"column":67}},"49":{"start":{"line":50,"column":0},"end":{"line":50,"column":20}},"50":{"start":{"line":51,"column":0},"end":{"line":51,"column":18}},"51":{"start":{"line":52,"column":0},"end":{"line":52,"column":33}},"52":{"start":{"line":53,"column":0},"end":{"line":53,"column":30}},"53":{"start":{"line":54,"column":0},"end":{"line":54,"column":59}},"54":{"start":{"line":55,"column":0},"end":{"line":55,"column":36}},"55":{"start":{"line":56,"column":0},"end":{"line":56,"column":33}},"56":{"start":{"line":57,"column":0},"end":{"line":57,"column":14}},"57":{"start":{"line":58,"column":0},"end":{"line":58,"column":16}},"58":{"start":{"line":59,"column":0},"end":{"line":59,"column":63}},"59":{"start":{"line":60,"column":0},"end":{"line":60,"column":67}},"61":{"start":{"line":62,"column":0},"end":{"line":62,"column":20}},"62":{"start":{"line":63,"column":0},"end":{"line":63,"column":18}},"63":{"start":{"line":64,"column":0},"end":{"line":64,"column":33}},"64":{"start":{"line":65,"column":0},"end":{"line":65,"column":29}},"65":{"start":{"line":66,"column":0},"end":{"line":66,"column":30}},"66":{"start":{"line":67,"column":0},"end":{"line":67,"column":59}},"67":{"start":{"line":68,"column":0},"end":{"line":68,"column":36}},"68":{"start":{"line":69,"column":0},"end":{"line":69,"column":38}},"69":{"start":{"line":70,"column":0},"end":{"line":70,"column":14}},"70":{"start":{"line":71,"column":0},"end":{"line":71,"column":16}},"71":{"start":{"line":72,"column":0},"end":{"line":72,"column":14}},"72":{"start":{"line":73,"column":0},"end":{"line":73,"column":62}},"74":{"start":{"line":75,"column":0},"end":{"line":75,"column":17}},"75":{"start":{"line":76,"column":0},"end":{"line":76,"column":12}},"76":{"start":{"line":77,"column":0},"end":{"line":77,"column":10}},"78":{"start":{"line":79,"column":0},"end":{"line":79,"column":1}}},"s":{"0":1,"1":1,"2":1,"3":1,"4":1,"13":1,"14":260,"15":260,"16":260,"18":260,"20":32,"21":32,"22":260,"25":260,"27":13,"28":13,"32":13,"35":13,"36":13,"38":260,"39":260,"40":260,"41":260,"42":260,"43":2,"45":260,"46":260,"47":260,"49":260,"50":260,"51":260,"52":260,"53":260,"54":260,"55":260,"56":260,"57":260,"58":260,"59":260,"61":260,"62":260,"63":260,"64":260,"65":260,"66":260,"67":260,"68":260,"69":260,"70":260,"71":260,"72":260,"74":260,"75":260,"76":260,"78":260},"branchMap":{"0":{"type":"branch","line":14,"loc":{"start":{"line":14,"column":7},"end":{"line":79,"column":1}},"locations":[{"start":{"line":14,"column":7},"end":{"line":79,"column":1}}]},"1":{"type":"branch","line":43,"loc":{"start":{"line":43,"column":9},"end":{"line":44,"column":66}},"locations":[{"start":{"line":43,"column":9},"end":{"line":44,"column":66}}]},"2":{"type":"branch","line":19,"loc":{"start":{"line":19,"column":18},"end":{"line":23,"column":5}},"locations":[{"start":{"line":19,"column":18},"end":{"line":23,"column":5}}]},"3":{"type":"branch","line":21,"loc":{"start":{"line":21,"column":16},"end":{"line":21,"column":76}},"locations":[{"start":{"line":21,"column":16},"end":{"line":21,"column":76}}]},"4":{"type":"branch","line":21,"loc":{"start":{"line":21,"column":71},"end":{"line":21,"column":83}},"locations":[{"start":{"line":21,"column":71},"end":{"line":21,"column":83}}]},"5":{"type":"branch","line":22,"loc":{"start":{"line":22,"column":16},"end":{"line":22,"column":76}},"locations":[{"start":{"line":22,"column":16},"end":{"line":22,"column":76}}]},"6":{"type":"branch","line":22,"loc":{"start":{"line":22,"column":71},"end":{"line":22,"column":88}},"locations":[{"start":{"line":22,"column":71},"end":{"line":22,"column":88}}]},"7":{"type":"branch","line":26,"loc":{"start":{"line":26,"column":22},"end":{"line":37,"column":3}},"locations":[{"start":{"line":26,"column":22},"end":{"line":37,"column":3}}]},"8":{"type":"branch","line":54,"loc":{"start":{"line":54,"column":24},"end":{"line":54,"column":59}},"locations":[{"start":{"line":54,"column":24},"end":{"line":54,"column":59}}]},"9":{"type":"branch","line":67,"loc":{"start":{"line":67,"column":24},"end":{"line":67,"column":59}},"locations":[{"start":{"line":67,"column":24},"end":{"line":67,"column":59}}]}},"b":{"0":[260],"1":[2],"2":[32],"3":[24],"4":[23],"5":[24],"6":[23],"7":[13],"8":[151],"9":[51]},"fnMap":{"0":{"name":"LoginForm","decl":{"start":{"line":14,"column":7},"end":{"line":79,"column":1}},"loc":{"start":{"line":14,"column":7},"end":{"line":79,"column":1}},"line":14},"1":{"name":"handleLogin","decl":{"start":{"line":26,"column":22},"end":{"line":37,"column":3}},"loc":{"start":{"line":26,"column":22},"end":{"line":37,"column":3}},"line":26},"2":{"name":"onChange","decl":{"start":{"line":54,"column":24},"end":{"line":54,"column":59}},"loc":{"start":{"line":54,"column":24},"end":{"line":54,"column":59}},"line":54},"3":{"name":"onChange","decl":{"start":{"line":67,"column":24},"end":{"line":67,"column":59}},"loc":{"start":{"line":67,"column":24},"end":{"line":67,"column":59}},"line":67}},"f":{"0":260,"1":13,"2":151,"3":51}}
,"/Users/alexyu/projects/personal/react-torrent/.worktrees/019-comprehensive-test-suite/src/lib/api.ts": {"path":"/Users/alexyu/projects/personal/react-torrent/.worktrees/019-comprehensive-test-suite/src/lib/api.ts","all":false,"statementMap":{"36":{"start":{"line":37,"column":0},"end":{"line":37,"column":30}},"37":{"start":{"line":38,"column":0},"end":{"line":38,"column":69}},"38":{"start":{"line":39,"column":0},"end":{"line":39,"column":59}},"39":{"start":{"line":40,"column":0},"end":{"line":40,"column":66}},"40":{"start":{"line":41,"column":0},"end":{"line":41,"column":44}},"41":{"start":{"line":42,"column":0},"end":{"line":42,"column":70}},"42":{"start":{"line":43,"column":0},"end":{"line":43,"column":11}},"59":{"start":{"line":60,"column":0},"end":{"line":60,"column":57}},"60":{"start":{"line":61,"column":0},"end":{"line":61,"column":28}},"63":{"start":{"line":64,"column":0},"end":{"line":64,"column":65}},"64":{"start":{"line":65,"column":0},"end":{"line":65,"column":10}},"66":{"start":{"line":67,"column":0},"end":{"line":67,"column":27}},"67":{"start":{"line":68,"column":0},"end":{"line":68,"column":3}},"68":{"start":{"line":69,"column":0},"end":{"line":69,"column":1}},"78":{"start":{"line":79,"column":0},"end":{"line":79,"column":102}},"79":{"start":{"line":80,"column":0},"end":{"line":80,"column":50}},"80":{"start":{"line":81,"column":0},"end":{"line":81,"column":41}},"81":{"start":{"line":82,"column":0},"end":{"line":82,"column":46}},"82":{"start":{"line":83,"column":0},"end":{"line":83,"column":46}},"84":{"start":{"line":85,"column":0},"end":{"line":85,"column":68}},"85":{"start":{"line":86,"column":0},"end":{"line":86,"column":19}},"86":{"start":{"line":87,"column":0},"end":{"line":87,"column":19}},"87":{"start":{"line":88,"column":0},"end":{"line":88,"column":81}},"88":{"start":{"line":89,"column":0},"end":{"line":89,"column":14}},"89":{"start":{"line":90,"column":0},"end":{"line":90,"column":58}},"90":{"start":{"line":91,"column":0},"end":{"line":91,"column":51}},"91":{"start":{"line":92,"column":0},"end":{"line":92,"column":5}},"92":{"start":{"line":93,"column":0},"end":{"line":93,"column":5}},"94":{"start":{"line":95,"column":0},"end":{"line":95,"column":60}},"96":{"start":{"line":97,"column":0},"end":{"line":97,"column":16}},"97":{"start":{"line":98,"column":0},"end":{"line":98,"column":69}},"98":{"start":{"line":99,"column":0},"end":{"line":99,"column":111}},"99":{"start":{"line":100,"column":0},"end":{"line":100,"column":3}},"101":{"start":{"line":102,"column":0},"end":{"line":102,"column":30}},"102":{"start":{"line":103,"column":0},"end":{"line":103,"column":16}},"103":{"start":{"line":104,"column":0},"end":{"line":104,"column":10}},"105":{"start":{"line":106,"column":0},"end":{"line":106,"column":98}},"106":{"start":{"line":107,"column":0},"end":{"line":107,"column":3}},"107":{"start":{"line":108,"column":0},"end":{"line":108,"column":1}},"116":{"start":{"line":117,"column":0},"end":{"line":117,"column":93}},"117":{"start":{"line":118,"column":0},"end":{"line":118,"column":50}},"118":{"start":{"line":119,"column":0},"end":{"line":119,"column":66}},"119":{"start":{"line":120,"column":0},"end":{"line":120,"column":26}},"120":{"start":{"line":121,"column":0},"end":{"line":121,"column":51}},"121":{"start":{"line":122,"column":0},"end":{"line":122,"column":3}},"123":{"start":{"line":124,"column":0},"end":{"line":124,"column":43}},"124":{"start":{"line":125,"column":0},"end":{"line":125,"column":65}},"125":{"start":{"line":126,"column":0},"end":{"line":126,"column":5}},"126":{"start":{"line":127,"column":0},"end":{"line":127,"column":16}},"127":{"start":{"line":128,"column":0},"end":{"line":128,"column":75}},"128":{"start":{"line":129,"column":0},"end":{"line":129,"column":3}},"129":{"start":{"line":130,"column":0},"end":{"line":130,"column":40}},"130":{"start":{"line":131,"column":0},"end":{"line":131,"column":74}},"131":{"start":{"line":132,"column":0},"end":{"line":132,"column":22}},"132":{"start":{"line":133,"column":0},"end":{"line":133,"column":1}},"141":{"start":{"line":142,"column":0},"end":{"line":142,"column":98}},"142":{"start":{"line":143,"column":0},"end":{"line":143,"column":50}},"143":{"start":{"line":144,"column":0},"end":{"line":144,"column":41}},"144":{"start":{"line":145,"column":0},"end":{"line":145,"column":79}},"146":{"start":{"line":147,"column":0},"end":{"line":147,"column":72}},"147":{"start":{"line":148,"column":0},"end":{"line":148,"column":19}},"148":{"start":{"line":149,"column":0},"end":{"line":149,"column":19}},"149":{"start":{"line":150,"column":0},"end":{"line":150,"column":27}},"150":{"start":{"line":151,"column":0},"end":{"line":151,"column":5}},"152":{"start":{"line":153,"column":0},"end":{"line":153,"column":16}},"153":{"start":{"line":154,"column":0},"end":{"line":154,"column":77}},"154":{"start":{"line":155,"column":0},"end":{"line":155,"column":3}},"155":{"start":{"line":156,"column":0},"end":{"line":156,"column":14}},"156":{"start":{"line":157,"column":0},"end":{"line":157,"column":1}},"164":{"start":{"line":165,"column":0},"end":{"line":165,"column":99}},"165":{"start":{"line":166,"column":0},"end":{"line":166,"column":50}},"166":{"start":{"line":167,"column":0},"end":{"line":167,"column":41}},"167":{"start":{"line":168,"column":0},"end":{"line":168,"column":79}},"169":{"start":{"line":170,"column":0},"end":{"line":170,"column":73}},"170":{"start":{"line":171,"column":0},"end":{"line":171,"column":19}},"171":{"start":{"line":172,"column":0},"end":{"line":172,"column":19}},"172":{"start":{"line":173,"column":0},"end":{"line":173,"column":27}},"173":{"start":{"line":174,"column":0},"end":{"line":174,"column":5}},"175":{"start":{"line":176,"column":0},"end":{"line":176,"column":16}},"176":{"start":{"line":177,"column":0},"end":{"line":177,"column":78}},"177":{"start":{"line":178,"column":0},"end":{"line":178,"column":3}},"178":{"start":{"line":179,"column":0},"end":{"line":179,"column":14}},"179":{"start":{"line":180,"column":0},"end":{"line":180,"column":1}},"188":{"start":{"line":189,"column":0},"end":{"line":189,"column":36}},"189":{"start":{"line":190,"column":0},"end":{"line":190,"column":18}},"190":{"start":{"line":191,"column":0},"end":{"line":191,"column":28}},"191":{"start":{"line":192,"column":0},"end":{"line":192,"column":30}},"192":{"start":{"line":193,"column":0},"end":{"line":193,"column":21}},"193":{"start":{"line":194,"column":0},"end":{"line":194,"column":50}},"194":{"start":{"line":195,"column":0},"end":{"line":195,"column":41}},"195":{"start":{"line":196,"column":0},"end":{"line":196,"column":79}},"196":{"start":{"line":197,"column":0},"end":{"line":197,"column":65}},"198":{"start":{"line":199,"column":0},"end":{"line":199,"column":73}},"199":{"start":{"line":200,"column":0},"end":{"line":200,"column":19}},"200":{"start":{"line":201,"column":0},"end":{"line":201,"column":19}},"201":{"start":{"line":202,"column":0},"end":{"line":202,"column":27}},"202":{"start":{"line":203,"column":0},"end":{"line":203,"column":5}},"204":{"start":{"line":205,"column":0},"end":{"line":205,"column":16}},"205":{"start":{"line":206,"column":0},"end":{"line":206,"column":78}},"206":{"start":{"line":207,"column":0},"end":{"line":207,"column":3}},"207":{"start":{"line":208,"column":0},"end":{"line":208,"column":14}},"208":{"start":{"line":209,"column":0},"end":{"line":209,"column":1}},"215":{"start":{"line":216,"column":0},"end":{"line":216,"column":83}},"216":{"start":{"line":217,"column":0},"end":{"line":217,"column":50}},"218":{"start":{"line":219,"column":0},"end":{"line":219,"column":77}},"219":{"start":{"line":220,"column":0},"end":{"line":220,"column":65}},"220":{"start":{"line":221,"column":0},"end":{"line":221,"column":5}},"222":{"start":{"line":223,"column":0},"end":{"line":223,"column":16}},"223":{"start":{"line":224,"column":0},"end":{"line":224,"column":77}},"224":{"start":{"line":225,"column":0},"end":{"line":225,"column":3}},"226":{"start":{"line":227,"column":0},"end":{"line":227,"column":20}},"227":{"start":{"line":228,"column":0},"end":{"line":228,"column":1}},"236":{"start":{"line":237,"column":0},"end":{"line":237,"column":41}},"237":{"start":{"line":238,"column":0},"end":{"line":238,"column":18}},"238":{"start":{"line":239,"column":0},"end":{"line":239,"column":28}},"239":{"start":{"line":240,"column":0},"end":{"line":240,"column":18}},"240":{"start":{"line":241,"column":0},"end":{"line":241,"column":21}},"241":{"start":{"line":242,"column":0},"end":{"line":242,"column":50}},"242":{"start":{"line":243,"column":0},"end":{"line":243,"column":41}},"243":{"start":{"line":244,"column":0},"end":{"line":244,"column":79}},"244":{"start":{"line":245,"column":0},"end":{"line":245,"column":40}},"246":{"start":{"line":247,"column":0},"end":{"line":247,"column":78}},"247":{"start":{"line":248,"column":0},"end":{"line":248,"column":19}},"248":{"start":{"line":249,"column":0},"end":{"line":249,"column":19}},"249":{"start":{"line":250,"column":0},"end":{"line":250,"column":27}},"250":{"start":{"line":251,"column":0},"end":{"line":251,"column":5}},"252":{"start":{"line":253,"column":0},"end":{"line":253,"column":16}},"253":{"start":{"line":254,"column":0},"end":{"line":254,"column":88}},"254":{"start":{"line":255,"column":0},"end":{"line":255,"column":3}},"255":{"start":{"line":256,"column":0},"end":{"line":256,"column":14}},"256":{"start":{"line":257,"column":0},"end":{"line":257,"column":1}},"273":{"start":{"line":274,"column":0},"end":{"line":274,"column":39}},"274":{"start":{"line":275,"column":0},"end":{"line":275,"column":18}},"275":{"start":{"line":276,"column":0},"end":{"line":276,"column":21}},"276":{"start":{"line":277,"column":0},"end":{"line":277,"column":35}},"277":{"start":{"line":278,"column":0},"end":{"line":278,"column":21}},"278":{"start":{"line":279,"column":0},"end":{"line":279,"column":50}},"279":{"start":{"line":280,"column":0},"end":{"line":280,"column":41}},"280":{"start":{"line":281,"column":0},"end":{"line":281,"column":38}},"282":{"start":{"line":283,"column":0},"end":{"line":283,"column":26}},"283":{"start":{"line":284,"column":0},"end":{"line":284,"column":50}},"284":{"start":{"line":285,"column":0},"end":{"line":285,"column":3}},"285":{"start":{"line":286,"column":0},"end":{"line":286,"column":26}},"286":{"start":{"line":287,"column":0},"end":{"line":287,"column":50}},"287":{"start":{"line":288,"column":0},"end":{"line":288,"column":3}},"288":{"start":{"line":289,"column":0},"end":{"line":289,"column":22}},"289":{"start":{"line":290,"column":0},"end":{"line":290,"column":42}},"290":{"start":{"line":291,"column":0},"end":{"line":291,"column":3}},"291":{"start":{"line":292,"column":0},"end":{"line":292,"column":38}},"292":{"start":{"line":293,"column":0},"end":{"line":293,"column":65}},"293":{"start":{"line":294,"column":0},"end":{"line":294,"column":3}},"295":{"start":{"line":296,"column":0},"end":{"line":296,"column":70}},"296":{"start":{"line":297,"column":0},"end":{"line":297,"column":19}},"297":{"start":{"line":298,"column":0},"end":{"line":298,"column":19}},"298":{"start":{"line":299,"column":0},"end":{"line":299,"column":27}},"299":{"start":{"line":300,"column":0},"end":{"line":300,"column":5}},"301":{"start":{"line":302,"column":0},"end":{"line":302,"column":16}},"302":{"start":{"line":303,"column":0},"end":{"line":303,"column":88}},"303":{"start":{"line":304,"column":0},"end":{"line":304,"column":3}},"304":{"start":{"line":305,"column":0},"end":{"line":305,"column":14}},"305":{"start":{"line":306,"column":0},"end":{"line":306,"column":1}},"322":{"start":{"line":323,"column":0},"end":{"line":323,"column":37}},"323":{"start":{"line":324,"column":0},"end":{"line":324,"column":18}},"324":{"start":{"line":325,"column":0},"end":{"line":325,"column":13}},"325":{"start":{"line":326,"column":0},"end":{"line":326,"column":33}},"326":{"start":{"line":327,"column":0},"end":{"line":327,"column":21}},"327":{"start":{"line":328,"column":0},"end":{"line":328,"column":50}},"328":{"start":{"line":329,"column":0},"end":{"line":329,"column":34}},"329":{"start":{"line":330,"column":0},"end":{"line":330,"column":36}},"331":{"start":{"line":332,"column":0},"end":{"line":332,"column":26}},"332":{"start":{"line":333,"column":0},"end":{"line":333,"column":50}},"333":{"start":{"line":334,"column":0},"end":{"line":334,"column":3}},"334":{"start":{"line":335,"column":0},"end":{"line":335,"column":26}},"335":{"start":{"line":336,"column":0},"end":{"line":336,"column":50}},"336":{"start":{"line":337,"column":0},"end":{"line":337,"column":3}},"337":{"start":{"line":338,"column":0},"end":{"line":338,"column":22}},"338":{"start":{"line":339,"column":0},"end":{"line":339,"column":42}},"339":{"start":{"line":340,"column":0},"end":{"line":340,"column":3}},"340":{"start":{"line":341,"column":0},"end":{"line":341,"column":38}},"341":{"start":{"line":342,"column":0},"end":{"line":342,"column":65}},"342":{"start":{"line":343,"column":0},"end":{"line":343,"column":3}},"344":{"start":{"line":345,"column":0},"end":{"line":345,"column":70}},"345":{"start":{"line":346,"column":0},"end":{"line":346,"column":19}},"346":{"start":{"line":347,"column":0},"end":{"line":347,"column":19}},"347":{"start":{"line":348,"column":0},"end":{"line":348,"column":27}},"348":{"start":{"line":349,"column":0},"end":{"line":349,"column":5}},"350":{"start":{"line":351,"column":0},"end":{"line":351,"column":16}},"351":{"start":{"line":352,"column":0},"end":{"line":352,"column":81}},"352":{"start":{"line":353,"column":0},"end":{"line":353,"column":3}},"353":{"start":{"line":354,"column":0},"end":{"line":354,"column":14}},"354":{"start":{"line":355,"column":0},"end":{"line":355,"column":1}},"363":{"start":{"line":364,"column":0},"end":{"line":364,"column":99}},"364":{"start":{"line":365,"column":0},"end":{"line":365,"column":50}},"365":{"start":{"line":366,"column":0},"end":{"line":366,"column":67}},"366":{"start":{"line":367,"column":0},"end":{"line":367,"column":40}},"368":{"start":{"line":369,"column":0},"end":{"line":369,"column":43}},"369":{"start":{"line":370,"column":0},"end":{"line":370,"column":65}},"370":{"start":{"line":371,"column":0},"end":{"line":371,"column":5}},"372":{"start":{"line":373,"column":0},"end":{"line":373,"column":16}},"373":{"start":{"line":374,"column":0},"end":{"line":374,"column":80}},"374":{"start":{"line":375,"column":0},"end":{"line":375,"column":3}},"376":{"start":{"line":377,"column":0},"end":{"line":377,"column":20}},"377":{"start":{"line":378,"column":0},"end":{"line":378,"column":1}},"387":{"start":{"line":388,"column":0},"end":{"line":388,"column":38}},"388":{"start":{"line":389,"column":0},"end":{"line":389,"column":18}},"389":{"start":{"line":390,"column":0},"end":{"line":390,"column":15}},"390":{"start":{"line":391,"column":0},"end":{"line":391,"column":29}},"391":{"start":{"line":392,"column":0},"end":{"line":392,"column":18}},"392":{"start":{"line":393,"column":0},"end":{"line":393,"column":21}},"393":{"start":{"line":394,"column":0},"end":{"line":394,"column":50}},"394":{"start":{"line":395,"column":0},"end":{"line":395,"column":41}},"395":{"start":{"line":396,"column":0},"end":{"line":396,"column":32}},"396":{"start":{"line":397,"column":0},"end":{"line":397,"column":89}},"397":{"start":{"line":398,"column":0},"end":{"line":398,"column":51}},"399":{"start":{"line":400,"column":0},"end":{"line":400,"column":75}},"400":{"start":{"line":401,"column":0},"end":{"line":401,"column":19}},"401":{"start":{"line":402,"column":0},"end":{"line":402,"column":19}},"402":{"start":{"line":403,"column":0},"end":{"line":403,"column":27}},"403":{"start":{"line":404,"column":0},"end":{"line":404,"column":5}},"405":{"start":{"line":406,"column":0},"end":{"line":406,"column":16}},"406":{"start":{"line":407,"column":0},"end":{"line":407,"column":78}},"407":{"start":{"line":408,"column":0},"end":{"line":408,"column":3}},"408":{"start":{"line":409,"column":0},"end":{"line":409,"column":14}},"409":{"start":{"line":410,"column":0},"end":{"line":410,"column":1}},"417":{"start":{"line":418,"column":0},"end":{"line":418,"column":86}},"418":{"start":{"line":419,"column":0},"end":{"line":419,"column":50}},"419":{"start":{"line":420,"column":0},"end":{"line":420,"column":70}},"420":{"start":{"line":421,"column":0},"end":{"line":421,"column":40}},"422":{"start":{"line":423,"column":0},"end":{"line":423,"column":43}},"423":{"start":{"line":424,"column":0},"end":{"line":424,"column":65}},"424":{"start":{"line":425,"column":0},"end":{"line":425,"column":5}},"426":{"start":{"line":427,"column":0},"end":{"line":427,"column":16}},"427":{"start":{"line":428,"column":0},"end":{"line":428,"column":75}},"428":{"start":{"line":429,"column":0},"end":{"line":429,"column":3}},"430":{"start":{"line":431,"column":0},"end":{"line":431,"column":20}},"431":{"start":{"line":432,"column":0},"end":{"line":432,"column":1}}},"s":{"36":1,"37":1,"38":1,"39":1,"40":1,"41":1,"42":1,"59":49,"60":49,"63":5,"64":49,"66":44,"67":44,"68":49,"78":7,"79":7,"80":7,"81":7,"82":7,"84":7,"85":7,"86":7,"87":7,"88":7,"89":7,"90":7,"91":7,"92":7,"94":7,"96":7,"97":2,"98":2,"99":2,"101":7,"102":4,"103":7,"105":1,"106":1,"107":7,"116":6,"117":6,"118":6,"119":6,"120":3,"121":3,"123":6,"124":6,"125":6,"126":6,"127":1,"128":1,"129":5,"130":5,"131":5,"132":5,"141":5,"142":5,"143":5,"144":5,"146":5,"147":5,"148":5,"149":5,"150":5,"152":5,"153":1,"154":1,"155":4,"156":4,"164":5,"165":5,"166":5,"167":5,"169":5,"170":5,"171":5,"172":5,"173":5,"175":5,"176":1,"177":1,"178":4,"179":4,"188":8,"189":8,"190":8,"191":8,"192":8,"193":8,"194":8,"195":8,"196":8,"198":8,"199":8,"200":8,"201":8,"202":8,"204":8,"205":1,"206":1,"207":7,"208":7,"215":2,"216":2,"218":2,"219":2,"220":2,"222":2,"223":1,"224":1,"226":1,"227":1,"236":4,"237":4,"238":4,"239":4,"240":4,"241":4,"242":4,"243":4,"244":4,"246":4,"247":4,"248":4,"249":4,"250":4,"252":4,"253":1,"254":1,"255":3,"256":3,"273":7,"274":7,"275":7,"276":7,"277":7,"278":7,"279":7,"280":7,"282":7,"283":2,"284":2,"285":7,"286":2,"287":2,"288":7,"289":2,"290":2,"291":7,"292":2,"293":2,"295":7,"296":7,"297":7,"298":7,"299":7,"301":7,"302":1,"303":1,"304":6,"305":6,"322":3,"323":3,"324":3,"325":3,"326":3,"327":3,"328":3,"329":3,"331":3,"332":1,"333":1,"334":3,"335":1,"336":1,"337":3,"338":1,"339":1,"340":3,"341":1,"342":1,"344":3,"345":3,"346":3,"347":3,"348":3,"350":3,"351":1,"352":1,"353":2,"354":2,"363":2,"364":2,"365":2,"366":2,"368":2,"369":2,"370":2,"372":2,"373":1,"374":1,"376":1,"377":1,"387":0,"388":0,"389":0,"390":0,"391":0,"392":0,"393":0,"394":0,"395":0,"396":0,"397":0,"399":0,"400":0,"401":0,"402":0,"403":0,"405":0,"406":0,"407":0,"408":0,"409":0,"417":0,"418":0,"419":0,"420":0,"422":0,"423":0,"424":0,"426":0,"427":0,"428":0,"430":0,"431":0},"branchMap":{"0":{"type":"branch","line":60,"loc":{"start":{"line":60,"column":0},"end":{"line":69,"column":1}},"locations":[{"start":{"line":60,"column":0},"end":{"line":69,"column":1}}]},"1":{"type":"branch","line":61,"loc":{"start":{"line":61,"column":27},"end":{"line":65,"column":9}},"locations":[{"start":{"line":61,"column":27},"end":{"line":65,"column":9}}]},"2":{"type":"branch","line":65,"loc":{"start":{"line":65,"column":2},"end":{"line":68,"column":3}},"locations":[{"start":{"line":65,"column":2},"end":{"line":68,"column":3}}]},"3":{"type":"branch","line":79,"loc":{"start":{"line":79,"column":0},"end":{"line":108,"column":1}},"locations":[{"start":{"line":79,"column":0},"end":{"line":108,"column":1}}]},"4":{"type":"branch","line":82,"loc":{"start":{"line":82,"column":30},"end":{"line":82,"column":44}},"locations":[{"start":{"line":82,"column":30},"end":{"line":82,"column":44}}]},"5":{"type":"branch","line":83,"loc":{"start":{"line":83,"column":30},"end":{"line":83,"column":44}},"locations":[{"start":{"line":83,"column":30},"end":{"line":83,"column":44}}]},"6":{"type":"branch","line":97,"loc":{"start":{"line":97,"column":15},"end":{"line":100,"column":3}},"locations":[{"start":{"line":97,"column":15},"end":{"line":100,"column":3}}]},"7":{"type":"branch","line":99,"loc":{"start":{"line":99,"column":81},"end":{"line":99,"column":107}},"locations":[{"start":{"line":99,"column":81},"end":{"line":99,"column":107}}]},"8":{"type":"branch","line":100,"loc":{"start":{"line":100,"column":2},"end":{"line":102,"column":29}},"locations":[{"start":{"line":100,"column":2},"end":{"line":102,"column":29}}]},"9":{"type":"branch","line":102,"loc":{"start":{"line":102,"column":29},"end":{"line":104,"column":9}},"locations":[{"start":{"line":102,"column":29},"end":{"line":104,"column":9}}]},"10":{"type":"branch","line":104,"loc":{"start":{"line":104,"column":2},"end":{"line":107,"column":3}},"locations":[{"start":{"line":104,"column":2},"end":{"line":107,"column":3}}]},"11":{"type":"branch","line":117,"loc":{"start":{"line":117,"column":0},"end":{"line":133,"column":1}},"locations":[{"start":{"line":117,"column":0},"end":{"line":133,"column":1}}]},"12":{"type":"branch","line":120,"loc":{"start":{"line":120,"column":25},"end":{"line":122,"column":3}},"locations":[{"start":{"line":120,"column":25},"end":{"line":122,"column":3}}]},"13":{"type":"branch","line":127,"loc":{"start":{"line":127,"column":15},"end":{"line":129,"column":3}},"locations":[{"start":{"line":127,"column":15},"end":{"line":129,"column":3}}]},"14":{"type":"branch","line":129,"loc":{"start":{"line":129,"column":2},"end":{"line":133,"column":1}},"locations":[{"start":{"line":129,"column":2},"end":{"line":133,"column":1}}]},"15":{"type":"branch","line":142,"loc":{"start":{"line":142,"column":0},"end":{"line":157,"column":1}},"locations":[{"start":{"line":142,"column":0},"end":{"line":157,"column":1}}]},"16":{"type":"branch","line":145,"loc":{"start":{"line":145,"column":48},"end":{"line":145,"column":71}},"locations":[{"start":{"line":145,"column":48},"end":{"line":145,"column":71}}]},"17":{"type":"branch","line":145,"loc":{"start":{"line":145,"column":67},"end":{"line":145,"column":77}},"locations":[{"start":{"line":145,"column":67},"end":{"line":145,"column":77}}]},"18":{"type":"branch","line":153,"loc":{"start":{"line":153,"column":15},"end":{"line":155,"column":3}},"locations":[{"start":{"line":153,"column":15},"end":{"line":155,"column":3}}]},"19":{"type":"branch","line":155,"loc":{"start":{"line":155,"column":2},"end":{"line":157,"column":1}},"locations":[{"start":{"line":155,"column":2},"end":{"line":157,"column":1}}]},"20":{"type":"branch","line":165,"loc":{"start":{"line":165,"column":0},"end":{"line":180,"column":1}},"locations":[{"start":{"line":165,"column":0},"end":{"line":180,"column":1}}]},"21":{"type":"branch","line":168,"loc":{"start":{"line":168,"column":48},"end":{"line":168,"column":71}},"locations":[{"start":{"line":168,"column":48},"end":{"line":168,"column":71}}]},"22":{"type":"branch","line":168,"loc":{"start":{"line":168,"column":67},"end":{"line":168,"column":77}},"locations":[{"start":{"line":168,"column":67},"end":{"line":168,"column":77}}]},"23":{"type":"branch","line":176,"loc":{"start":{"line":176,"column":15},"end":{"line":178,"column":3}},"locations":[{"start":{"line":176,"column":15},"end":{"line":178,"column":3}}]},"24":{"type":"branch","line":178,"loc":{"start":{"line":178,"column":2},"end":{"line":180,"column":1}},"locations":[{"start":{"line":178,"column":2},"end":{"line":180,"column":1}}]},"25":{"type":"branch","line":189,"loc":{"start":{"line":189,"column":0},"end":{"line":209,"column":1}},"locations":[{"start":{"line":189,"column":0},"end":{"line":209,"column":1}}]},"26":{"type":"branch","line":196,"loc":{"start":{"line":196,"column":48},"end":{"line":196,"column":71}},"locations":[{"start":{"line":196,"column":48},"end":{"line":196,"column":71}}]},"27":{"type":"branch","line":196,"loc":{"start":{"line":196,"column":67},"end":{"line":196,"column":77}},"locations":[{"start":{"line":196,"column":67},"end":{"line":196,"column":77}}]},"28":{"type":"branch","line":197,"loc":{"start":{"line":197,"column":33},"end":{"line":197,"column":56}},"locations":[{"start":{"line":197,"column":33},"end":{"line":197,"column":56}}]},"29":{"type":"branch","line":197,"loc":{"start":{"line":197,"column":47},"end":{"line":197,"column":63}},"locations":[{"start":{"line":197,"column":47},"end":{"line":197,"column":63}}]},"30":{"type":"branch","line":205,"loc":{"start":{"line":205,"column":15},"end":{"line":207,"column":3}},"locations":[{"start":{"line":205,"column":15},"end":{"line":207,"column":3}}]},"31":{"type":"branch","line":207,"loc":{"start":{"line":207,"column":2},"end":{"line":209,"column":1}},"locations":[{"start":{"line":207,"column":2},"end":{"line":209,"column":1}}]},"32":{"type":"branch","line":216,"loc":{"start":{"line":216,"column":0},"end":{"line":228,"column":1}},"locations":[{"start":{"line":216,"column":0},"end":{"line":228,"column":1}}]},"33":{"type":"branch","line":223,"loc":{"start":{"line":223,"column":15},"end":{"line":228,"column":1}},"locations":[{"start":{"line":223,"column":15},"end":{"line":228,"column":1}}]},"34":{"type":"branch","line":237,"loc":{"start":{"line":237,"column":0},"end":{"line":257,"column":1}},"locations":[{"start":{"line":237,"column":0},"end":{"line":257,"column":1}}]},"35":{"type":"branch","line":244,"loc":{"start":{"line":244,"column":48},"end":{"line":244,"column":71}},"locations":[{"start":{"line":244,"column":48},"end":{"line":244,"column":71}}]},"36":{"type":"branch","line":244,"loc":{"start":{"line":244,"column":67},"end":{"line":244,"column":77}},"locations":[{"start":{"line":244,"column":67},"end":{"line":244,"column":77}}]},"37":{"type":"branch","line":253,"loc":{"start":{"line":253,"column":15},"end":{"line":255,"column":3}},"locations":[{"start":{"line":253,"column":15},"end":{"line":255,"column":3}}]},"38":{"type":"branch","line":255,"loc":{"start":{"line":255,"column":2},"end":{"line":257,"column":1}},"locations":[{"start":{"line":255,"column":2},"end":{"line":257,"column":1}}]},"39":{"type":"branch","line":274,"loc":{"start":{"line":274,"column":0},"end":{"line":306,"column":1}},"locations":[{"start":{"line":274,"column":0},"end":{"line":306,"column":1}}]},"40":{"type":"branch","line":283,"loc":{"start":{"line":283,"column":6},"end":{"line":283,"column":25}},"locations":[{"start":{"line":283,"column":6},"end":{"line":283,"column":25}}]},"41":{"type":"branch","line":283,"loc":{"start":{"line":283,"column":25},"end":{"line":285,"column":3}},"locations":[{"start":{"line":283,"column":25},"end":{"line":285,"column":3}}]},"42":{"type":"branch","line":286,"loc":{"start":{"line":286,"column":6},"end":{"line":286,"column":25}},"locations":[{"start":{"line":286,"column":6},"end":{"line":286,"column":25}}]},"43":{"type":"branch","line":286,"loc":{"start":{"line":286,"column":25},"end":{"line":288,"column":3}},"locations":[{"start":{"line":286,"column":25},"end":{"line":288,"column":3}}]},"44":{"type":"branch","line":289,"loc":{"start":{"line":289,"column":6},"end":{"line":289,"column":21}},"locations":[{"start":{"line":289,"column":6},"end":{"line":289,"column":21}}]},"45":{"type":"branch","line":289,"loc":{"start":{"line":289,"column":21},"end":{"line":291,"column":3}},"locations":[{"start":{"line":289,"column":21},"end":{"line":291,"column":3}}]},"46":{"type":"branch","line":292,"loc":{"start":{"line":292,"column":6},"end":{"line":292,"column":26}},"locations":[{"start":{"line":292,"column":6},"end":{"line":292,"column":26}}]},"47":{"type":"branch","line":292,"loc":{"start":{"line":292,"column":37},"end":{"line":294,"column":3}},"locations":[{"start":{"line":292,"column":37},"end":{"line":294,"column":3}}]},"48":{"type":"branch","line":293,"loc":{"start":{"line":293,"column":38},"end":{"line":293,"column":56}},"locations":[{"start":{"line":293,"column":38},"end":{"line":293,"column":56}}]},"49":{"type":"branch","line":293,"loc":{"start":{"line":293,"column":47},"end":{"line":293,"column":63}},"locations":[{"start":{"line":293,"column":47},"end":{"line":293,"column":63}}]},"50":{"type":"branch","line":302,"loc":{"start":{"line":302,"column":15},"end":{"line":304,"column":3}},"locations":[{"start":{"line":302,"column":15},"end":{"line":304,"column":3}}]},"51":{"type":"branch","line":304,"loc":{"start":{"line":304,"column":2},"end":{"line":306,"column":1}},"locations":[{"start":{"line":304,"column":2},"end":{"line":306,"column":1}}]},"52":{"type":"branch","line":323,"loc":{"start":{"line":323,"column":0},"end":{"line":355,"column":1}},"locations":[{"start":{"line":323,"column":0},"end":{"line":355,"column":1}}]},"53":{"type":"branch","line":332,"loc":{"start":{"line":332,"column":6},"end":{"line":332,"column":25}},"locations":[{"start":{"line":332,"column":6},"end":{"line":332,"column":25}}]},"54":{"type":"branch","line":332,"loc":{"start":{"line":332,"column":25},"end":{"line":334,"column":3}},"locations":[{"start":{"line":332,"column":25},"end":{"line":334,"column":3}}]},"55":{"type":"branch","line":335,"loc":{"start":{"line":335,"column":6},"end":{"line":335,"column":25}},"locations":[{"start":{"line":335,"column":6},"end":{"line":335,"column":25}}]},"56":{"type":"branch","line":335,"loc":{"start":{"line":335,"column":25},"end":{"line":337,"column":3}},"locations":[{"start":{"line":335,"column":25},"end":{"line":337,"column":3}}]},"57":{"type":"branch","line":338,"loc":{"start":{"line":338,"column":6},"end":{"line":338,"column":21}},"locations":[{"start":{"line":338,"column":6},"end":{"line":338,"column":21}}]},"58":{"type":"branch","line":338,"loc":{"start":{"line":338,"column":21},"end":{"line":340,"column":3}},"locations":[{"start":{"line":338,"column":21},"end":{"line":340,"column":3}}]},"59":{"type":"branch","line":341,"loc":{"start":{"line":341,"column":6},"end":{"line":341,"column":26}},"locations":[{"start":{"line":341,"column":6},"end":{"line":341,"column":26}}]},"60":{"type":"branch","line":341,"loc":{"start":{"line":341,"column":37},"end":{"line":343,"column":3}},"locations":[{"start":{"line":341,"column":37},"end":{"line":343,"column":3}}]},"61":{"type":"branch","line":342,"loc":{"start":{"line":342,"column":47},"end":{"line":342,"column":63}},"locations":[{"start":{"line":342,"column":47},"end":{"line":342,"column":63}}]},"62":{"type":"branch","line":351,"loc":{"start":{"line":351,"column":15},"end":{"line":353,"column":3}},"locations":[{"start":{"line":351,"column":15},"end":{"line":353,"column":3}}]},"63":{"type":"branch","line":353,"loc":{"start":{"line":353,"column":2},"end":{"line":355,"column":1}},"locations":[{"start":{"line":353,"column":2},"end":{"line":355,"column":1}}]},"64":{"type":"branch","line":364,"loc":{"start":{"line":364,"column":0},"end":{"line":378,"column":1}},"locations":[{"start":{"line":364,"column":0},"end":{"line":378,"column":1}}]},"65":{"type":"branch","line":373,"loc":{"start":{"line":373,"column":15},"end":{"line":378,"column":1}},"locations":[{"start":{"line":373,"column":15},"end":{"line":378,"column":1}}]}},"b":{"0":[49],"1":[5],"2":[44],"3":[7],"4":[1],"5":[1],"6":[2],"7":[1],"8":[5],"9":[4],"10":[1],"11":[6],"12":[3],"13":[1],"14":[5],"15":[5],"16":[2],"17":[3],"18":[1],"19":[4],"20":[5],"21":[2],"22":[3],"23":[1],"24":[4],"25":[8],"26":[3],"27":[5],"28":[2],"29":[6],"30":[1],"31":[7],"32":[2],"33":[1],"34":[4],"35":[1],"36":[3],"37":[1],"38":[3],"39":[7],"40":[5],"41":[2],"42":[5],"43":[2],"44":[5],"45":[2],"46":[5],"47":[2],"48":[1],"49":[1],"50":[1],"51":[6],"52":[3],"53":[1],"54":[1],"55":[1],"56":[1],"57":[1],"58":[1],"59":[1],"60":[1],"61":[0],"62":[1],"63":[2],"64":[2],"65":[1]},"fnMap":{"0":{"name":"getApiBaseUrl","decl":{"start":{"line":60,"column":0},"end":{"line":69,"column":1}},"loc":{"start":{"line":60,"column":0},"end":{"line":69,"column":1}},"line":60},"1":{"name":"login","decl":{"start":{"line":79,"column":0},"end":{"line":108,"column":1}},"loc":{"start":{"line":79,"column":0},"end":{"line":108,"column":1}},"line":79},"2":{"name":"getMaindata","decl":{"start":{"line":117,"column":0},"end":{"line":133,"column":1}},"loc":{"start":{"line":117,"column":0},"end":{"line":133,"column":1}},"line":117},"3":{"name":"pauseTorrent","decl":{"start":{"line":142,"column":0},"end":{"line":157,"column":1}},"loc":{"start":{"line":142,"column":0},"end":{"line":157,"column":1}},"line":142},"4":{"name":"resumeTorrent","decl":{"start":{"line":165,"column":0},"end":{"line":180,"column":1}},"loc":{"start":{"line":165,"column":0},"end":{"line":180,"column":1}},"line":165},"5":{"name":"deleteTorrent","decl":{"start":{"line":189,"column":0},"end":{"line":209,"column":1}},"loc":{"start":{"line":189,"column":0},"end":{"line":209,"column":1}},"line":189},"6":{"name":"getCategories","decl":{"start":{"line":216,"column":0},"end":{"line":228,"column":1}},"loc":{"start":{"line":216,"column":0},"end":{"line":228,"column":1}},"line":216},"7":{"name":"setTorrentCategory","decl":{"start":{"line":237,"column":0},"end":{"line":257,"column":1}},"loc":{"start":{"line":237,"column":0},"end":{"line":257,"column":1}},"line":237},"8":{"name":"addTorrentMagnet","decl":{"start":{"line":274,"column":0},"end":{"line":306,"column":1}},"loc":{"start":{"line":274,"column":0},"end":{"line":306,"column":1}},"line":274},"9":{"name":"addTorrentFile","decl":{"start":{"line":323,"column":0},"end":{"line":355,"column":1}},"loc":{"start":{"line":323,"column":0},"end":{"line":355,"column":1}},"line":323},"10":{"name":"getTorrentFiles","decl":{"start":{"line":364,"column":0},"end":{"line":378,"column":1}},"loc":{"start":{"line":364,"column":0},"end":{"line":378,"column":1}},"line":364},"11":{"name":"setFilePriority","decl":{"start":{"line":388,"column":0},"end":{"line":410,"column":1}},"loc":{"start":{"line":388,"column":0},"end":{"line":410,"column":1}},"line":388},"12":{"name":"getTrackers","decl":{"start":{"line":418,"column":0},"end":{"line":432,"column":1}},"loc":{"start":{"line":418,"column":0},"end":{"line":432,"column":1}},"line":418}},"f":{"0":49,"1":7,"2":6,"3":5,"4":5,"5":8,"6":2,"7":4,"8":7,"9":3,"10":2,"11":0,"12":0}}
,"/Users/alexyu/projects/personal/react-torrent/.worktrees/019-comprehensive-test-suite/src/lib/hooks.ts": {"path":"/Users/alexyu/projects/personal/react-torrent/.worktrees/019-comprehensive-test-suite/src/lib/hooks.ts","all":false,"statementMap":{"0":{"start":{"line":1,"column":0},"end":{"line":1,"column":44}},"4":{"start":{"line":5,"column":0},"end":{"line":5,"column":65}},"5":{"start":{"line":6,"column":0},"end":{"line":6,"column":48}},"7":{"start":{"line":8,"column":0},"end":{"line":8,"column":19}},"8":{"start":{"line":9,"column":0},"end":{"line":9,"column":40}},"9":{"start":{"line":10,"column":0},"end":{"line":10,"column":50}},"10":{"start":{"line":11,"column":0},"end":{"line":11,"column":37}},"12":{"start":{"line":13,"column":0},"end":{"line":13,"column":80}},"13":{"start":{"line":14,"column":0},"end":{"line":14,"column":53}},"15":{"start":{"line":16,"column":0},"end":{"line":16,"column":69}},"16":{"start":{"line":17,"column":0},"end":{"line":17,"column":5}},"17":{"start":{"line":18,"column":0},"end":{"line":18,"column":14}},"19":{"start":{"line":20,"column":0},"end":{"line":20,"column":17}},"20":{"start":{"line":21,"column":0},"end":{"line":21,"column":1}}},"s":{"0":1,"4":1,"5":43,"7":43,"8":23,"9":23,"10":23,"12":23,"13":23,"15":23,"16":23,"17":43,"19":43,"20":43},"branchMap":{"0":{"type":"branch","line":5,"loc":{"start":{"line":5,"column":7},"end":{"line":21,"column":1}},"locations":[{"start":{"line":5,"column":7},"end":{"line":21,"column":1}}]},"1":{"type":"branch","line":8,"loc":{"start":{"line":8,"column":12},"end":{"line":18,"column":5}},"locations":[{"start":{"line":8,"column":12},"end":{"line":18,"column":5}}]},"2":{"type":"branch","line":13,"loc":{"start":{"line":13,"column":22},"end":{"line":13,"column":80}},"locations":[{"start":{"line":13,"column":22},"end":{"line":13,"column":80}}]},"3":{"type":"branch","line":16,"loc":{"start":{"line":16,"column":13},"end":{"line":16,"column":69}},"locations":[{"start":{"line":16,"column":13},"end":{"line":16,"column":69}}]}},"b":{"0":[43],"1":[23],"2":[7],"3":[23]},"fnMap":{"0":{"name":"useMediaQuery","decl":{"start":{"line":5,"column":7},"end":{"line":21,"column":1}},"loc":{"start":{"line":5,"column":7},"end":{"line":21,"column":1}},"line":5},"1":{"name":"handler","decl":{"start":{"line":13,"column":22},"end":{"line":13,"column":80}},"loc":{"start":{"line":13,"column":22},"end":{"line":13,"column":80}},"line":13}},"f":{"0":43,"1":7}}
[...]
n":39}}]},"15":{"type":"branch","line":57,"loc":{"start":{"line":57,"column":28},"end":{"line":58,"column":41}},"locations":[{"start":{"line":57,"column":28},"end":{"line":58,"column":41}}]},"16":{"type":"branch","line":69,"loc":{"start":{"line":69,"column":0},"end":{"line":71,"column":1}},"locations":[{"start":{"line":69,"column":0},"end":{"line":71,"column":1}}]},"17":{"type":"branch","line":78,"loc":{"start":{"line":78,"column":7},"end":{"line":81,"column":1}},"locations":[{"start":{"line":78,"column":7},"end":{"line":81,"column":1}}]},"18":{"type":"branch","line":80,"loc":{"start":{"line":80,"column":19},"end":{"line":80,"column":41}},"locations":[{"start":{"line":80,"column":19},"end":{"line":80,"column":41}}]},"19":{"type":"branch","line":88,"loc":{"start":{"line":88,"column":7},"end":{"line":92,"column":1}},"locations":[{"start":{"line":88,"column":7},"end":{"line":92,"column":1}}]},"20":{"type":"branch","line":91,"loc":{"start":{"line":91,"column":19},"end":{"line":91,"column":69}},"locations":[{"start":{"line":91,"column":19},"end":{"line":91,"column":69}}]},"21":{"type":"branch","line":100,"loc":{"start":{"line":100,"column":7},"end":{"line":106,"column":1}},"locations":[{"start":{"line":100,"column":7},"end":{"line":106,"column":1}}]},"22":{"type":"branch","line":104,"loc":{"start":{"line":104,"column":4},"end":{"line":104,"column":78}},"locations":[{"start":{"line":104,"column":4},"end":{"line":104,"column":78}}]},"23":{"type":"branch","line":104,"loc":{"start":{"line":104,"column":40},"end":{"line":104,"column":78}},"locations":[{"start":{"line":104,"column":40},"end":{"line":104,"column":78}}]},"24":{"type":"branch","line":113,"loc":{"start":{"line":113,"column":7},"end":{"line":130,"column":1}},"locations":[{"start":{"line":113,"column":7},"end":{"line":130,"column":1}}]},"25":{"type":"branch","line":116,"loc":{"start":{"line":116,"column":20},"end":{"line":118,"column":3}},"locations":[{"start":{"line":116,"column":20},"end":{"line":118,"column":3}}]},"26":{"type":"branch","line":118,"loc":{"start":{"line":118,"column":2},"end":{"line":120,"column":31}},"locations":[{"start":{"line":118,"column":2},"end":{"line":120,"column":31}}]},"27":{"type":"branch","line":120,"loc":{"start":{"line":120,"column":31},"end":{"line":122,"column":3}},"locations":[{"start":{"line":120,"column":31},"end":{"line":122,"column":3}}]},"28":{"type":"branch","line":122,"loc":{"start":{"line":122,"column":2},"end":{"line":125,"column":33}},"locations":[{"start":{"line":122,"column":2},"end":{"line":125,"column":33}}]},"29":{"type":"branch","line":125,"loc":{"start":{"line":125,"column":33},"end":{"line":127,"column":3}},"locations":[{"start":{"line":125,"column":33},"end":{"line":127,"column":3}}]},"30":{"type":"branch","line":127,"loc":{"start":{"line":127,"column":2},"end":{"line":130,"column":1}},"locations":[{"start":{"line":127,"column":2},"end":{"line":130,"column":1}}]},"31":{"type":"branch","line":139,"loc":{"start":{"line":139,"column":7},"end":{"line":163,"column":1}},"locations":[{"start":{"line":139,"column":7},"end":{"line":163,"column":1}}]},"32":{"type":"branch","line":143,"loc":{"start":{"line":143,"column":23},"end":{"line":145,"column":3}},"locations":[{"start":{"line":143,"column":23},"end":{"line":145,"column":3}}]},"33":{"type":"branch","line":145,"loc":{"start":{"line":145,"column":2},"end":{"line":147,"column":34}},"locations":[{"start":{"line":145,"column":2},"end":{"line":147,"column":34}}]},"34":{"type":"branch","line":147,"loc":{"start":{"line":147,"column":34},"end":{"line":149,"column":3}},"locations":[{"start":{"line":147,"column":34},"end":{"line":149,"column":3}}]},"35":{"type":"branch","line":149,"loc":{"start":{"line":149,"column":2},"end":{"line":154,"column":36}},"locations":[{"start":{"line":149,"column":2},"end":{"line":154,"column":36}}]},"36":{"type":"branch","line":154,"loc":{"start":{"line":154,"column":32},"end":{"line":154,"column":44}},"locations":[{"start":{"line":154,"column":32},"end":{"line":154,"column":44}}]},"37":{"type":"branch","line":154,"loc":{"start":{"line":154,"column":36},"end":{"line":154,"column":54}},"locations":[{"start":{"line":154,"column":36},"end":{"line":154,"column":54}}]},"38":{"type":"branch","line":172,"loc":{"start":{"line":172,"column":7},"end":{"line":210,"column":1}},"locations":[{"start":{"line":172,"column":7},"end":{"line":210,"column":1}}]},"39":{"type":"branch","line":179,"loc":{"start":{"line":179,"column":20},"end":{"line":181,"column":3}},"locations":[{"start":{"line":179,"column":20},"end":{"line":181,"column":3}}]},"40":{"type":"branch","line":181,"loc":{"start":{"line":181,"column":2},"end":{"line":186,"column":34}},"locations":[{"start":{"line":181,"column":2},"end":{"line":186,"column":34}}]},"41":{"type":"branch","line":186,"loc":{"start":{"line":186,"column":34},"end":{"line":202,"column":35}},"locations":[{"start":{"line":186,"column":34},"end":{"line":202,"column":35}}]},"42":{"type":"branch","line":190,"loc":{"start":{"line":190,"column":25},"end":{"line":192,"column":5}},"locations":[{"start":{"line":190,"column":25},"end":{"line":192,"column":5}}]},"43":{"type":"branch","line":192,"loc":{"start":{"line":192,"column":4},"end":{"line":194,"column":40}},"locations":[{"start":{"line":192,"column":4},"end":{"line":194,"column":40}}]},"44":{"type":"branch","line":194,"loc":{"start":{"line":194,"column":40},"end":{"line":196,"column":5}},"locations":[{"start":{"line":194,"column":40},"end":{"line":196,"column":5}}]},"45":{"type":"branch","line":196,"loc":{"start":{"line":196,"column":4},"end":{"line":199,"column":3}},"locations":[{"start":{"line":196,"column":4},"end":{"line":199,"column":3}}]},"46":{"type":"branch","line":202,"loc":{"start":{"line":202,"column":35},"end":{"line":204,"column":3}},"locations":[{"start":{"line":202,"column":35},"end":{"line":204,"column":3}}]},"47":{"type":"branch","line":203,"loc":{"start":{"line":203,"column":53},"end":{"line":203,"column":73}},"locations":[{"start":{"line":203,"column":53},"end":{"line":203,"column":73}}]},"48":{"type":"branch","line":203,"loc":{"start":{"line":203,"column":65},"end":{"line":203,"column":83}},"locations":[{"start":{"line":203,"column":65},"end":{"line":203,"column":83}}]},"49":{"type":"branch","line":204,"loc":{"start":{"line":204,"column":2},"end":{"line":210,"column":1}},"locations":[{"start":{"line":204,"column":2},"end":{"line":210,"column":1}}]},"50":{"type":"branch","line":177,"loc":{"start":{"line":177,"column":31},"end":{"line":177,"column":53}},"locations":[{"start":{"line":177,"column":31},"end":{"line":177,"column":53}}]},"51":{"type":"branch","line":219,"loc":{"start":{"line":219,"column":7},"end":{"line":229,"column":1}},"locations":[{"start":{"line":219,"column":7},"end":{"line":229,"column":1}}]},"52":{"type":"branch","line":223,"loc":{"start":{"line":223,"column":43},"end":{"line":225,"column":3}},"locations":[{"start":{"line":223,"column":43},"end":{"line":225,"column":3}}]},"53":{"type":"branch","line":225,"loc":{"start":{"line":225,"column":2},"end":{"line":229,"column":1}},"locations":[{"start":{"line":225,"column":2},"end":{"line":229,"column":1}}]},"54":{"type":"branch","line":221,"loc":{"start":{"line":221,"column":35},"end":{"line":221,"column":57}},"locations":[{"start":{"line":221,"column":35},"end":{"line":221,"column":57}}]},"55":{"type":"branch","line":235,"loc":{"start":{"line":235,"column":7},"end":{"line":237,"column":1}},"locations":[{"start":{"line":235,"column":7},"end":{"line":237,"column":1}}]},"56":{"type":"branch","line":245,"loc":{"start":{"line":245,"column":7},"end":{"line":251,"column":1}},"locations":[{"start":{"line":245,"column":7},"end":{"line":251,"column":1}}]},"57":{"type":"branch","line":247,"loc":{"start":{"line":247,"column":36},"end":{"line":247,"column":65}},"locations":[{"start":{"line":247,"column":36},"end":{"line":247,"column":65}}]},"58":{"type":"branch","line":248,"loc":{"start":{"line":248,"column":21},"end":{"line":249,"column":52}},"locations":[{"start":{"line":248,"column":21},"end":{"line":249,"column":52}}]},"59":{"type":"branch","line":258,"loc":{"start":{"line":258,"column":7},"end":{"line":266,"column":1}},"locations":[{"start":{"line":258,"column":7},"end":{"line":266,"column":1}}]},"60":{"type":"branch","line":259,"loc":{"start":{"line":259,"column":7},"end":{"line":259,"column":39}},"locations":[{"start":{"line":259,"column":7},"end":{"line":259,"column":39}}]},"61":{"type":"branch","line":259,"loc":{"start":{"line":259,"column":39},"end":{"line":261,"column":3}},"locations":[{"start":{"line":259,"column":39},"end":{"line":261,"column":3}}]},"62":{"type":"branch","line":261,"loc":{"start":{"line":261,"column":2},"end":{"line":266,"column":1}},"locations":[{"start":{"line":261,"column":2},"end":{"line":266,"column":1}}]},"63":{"type":"branch","line":264,"loc":{"start":{"line":264,"column":9},"end":{"line":264,"column":24}},"locations":[{"start":{"line":264,"column":9},"end":{"line":264,"column":24}}]},"64":{"type":"branch","line":265,"loc":{"start":{"line":265,"column":12},"end":{"line":265,"column":31}},"locations":[{"start":{"line":265,"column":12},"end":{"line":265,"column":31}}]},"65":{"type":"branch","line":273,"loc":{"start":{"line":273,"column":7},"end":{"line":275,"column":1}},"locations":[{"start":{"line":273,"column":7},"end":{"line":275,"column":1}}]},"66":{"type":"branch","line":274,"loc":{"start":{"line":274,"column":21},"end":{"line":274,"column":47}},"locations":[{"start":{"line":274,"column":21},"end":{"line":274,"column":47}}]}},"b":{"0":[34],"1":[0],"2":[49],"3":[29],"4":[20],"5":[113],"6":[63],"7":[50],"8":[1],"9":[48],"10":[1],"11":[62],"12":[60],"13":[59],"14":[58],"15":[57],"16":[42],"17":[5],"18":[3],"19":[5],"20":[4],"21":[46],"22":[19],"23":[8],"24":[54],"25":[5],"26":[49],"27":[2],"28":[47],"29":[2],"30":[45],"31":[40],"32":[4],"33":[36],"34":[2],"35":[34],"36":[6],"37":[28],"38":[9],"39":[1],"40":[8],"41":[6],"42":[1],"43":[5],"44":[1],"45":[4],"46":[3],"47":[2],"48":[1],"49":[6],"50":[9],"51":[3],"52":[1],"53":[2],"54":[3],"55":[1],"56":[5],"57":[6],"58":[7],"59":[6],"60":[5],"61":[2],"62":[4],"63":[13],"64":[13],"65":[4],"66":[8]},"fnMap":{"0":{"name":"generateId","decl":{"start":{"line":14,"column":0},"end":{"line":24,"column":1}},"loc":{"start":{"line":14,"column":0},"end":{"line":24,"column":1}},"line":14},"1":{"name":"isValidTagColor","decl":{"start":{"line":31,"column":7},"end":{"line":34,"column":1}},"loc":{"start":{"line":31,"column":7},"end":{"line":34,"column":1}},"line":31},"2":{"name":"getTags","decl":{"start":{"line":40,"column":7},"end":{"line":63,"column":1}},"loc":{"start":{"line":40,"column":7},"end":{"line":63,"column":1}},"line":40},"3":{"name":"saveTags","decl":{"start":{"line":69,"column":0},"end":{"line":71,"column":1}},"loc":{"start":{"line":69,"column":0},"end":{"line":71,"column":1}},"line":69},"4":{"name":"getTagById","decl":{"start":{"line":78,"column":7},"end":{"line":81,"column":1}},"loc":{"start":{"line":78,"column":7},"end":{"line":81,"column":1}},"line":78},"5":{"name":"getTagByName","decl":{"start":{"line":88,"column":7},"end":{"line":92,"column":1}},"loc":{"start":{"line":88,"column":7},"end":{"line":92,"column":1}},"line":88},"6":{"name":"tagNameExists","decl":{"start":{"line":100,"column":7},"end":{"line":106,"column":1}},"loc":{"start":{"line":100,"column":7},"end":{"line":106,"column":1}},"line":100},"7":{"name":"validateTagName","decl":{"start":{"line":113,"column":7},"end":{"line":130,"column":1}},"loc":{"start":{"line":113,"column":7},"end":{"line":130,"column":1}},"line":113},"8":{"name":"createTag","decl":{"start":{"line":139,"column":7},"end":{"line":163,"column":1}},"loc":{"start":{"line":139,"column":7},"end":{"line":163,"column":1}},"line":139},"9":{"name":"updateTag","decl":{"start":{"line":172,"column":7},"end":{"line":210,"column":1}},"loc":{"start":{"line":172,"column":7},"end":{"line":210,"column":1}},"line":172},"10":{"name":"deleteTag","decl":{"start":{"line":219,"column":7},"end":{"line":229,"column":1}},"loc":{"start":{"line":219,"column":7},"end":{"line":229,"column":1}},"line":219},"11":{"name":"clearAllTags","decl":{"start":{"line":235,"column":7},"end":{"line":237,"column":1}},"loc":{"start":{"line":235,"column":7},"end":{"line":237,"column":1}},"line":235},"12":{"name":"getTagsByNames","decl":{"start":{"line":245,"column":7},"end":{"line":251,"column":1}},"loc":{"start":{"line":245,"column":7},"end":{"line":251,"column":1}},"line":245},"13":{"name":"parseTagString","decl":{"start":{"line":258,"column":7},"end":{"line":266,"column":1}},"loc":{"start":{"line":258,"column":7},"end":{"line":266,"column":1}},"line":258},"14":{"name":"formatTagString","decl":{"start":{"line":273,"column":7},"end":{"line":275,"column":1}},"loc":{"start":{"line":273,"column":7},"end":{"line":275,"column":1}},"line":273}},"f":{"0":34,"1":49,"2":113,"3":42,"4":5,"5":5,"6":46,"7":54,"8":40,"9":9,"10":3,"11":1,"12":5,"13":6,"14":4}}
,"/Users/alexyu/projects/personal/react-torrent/.worktrees/019-comprehensive-test-suite/src/lib/utils.ts": {"path":"/Users/alexyu/projects/personal/react-torrent/.worktrees/019-comprehensive-test-suite/src/lib/utils.ts","all":false,"statementMap":{"0":{"start":{"line":1,"column":0},"end":{"line":1,"column":44}},"1":{"start":{"line":2,"column":0},"end":{"line":2,"column":40}},"3":{"start":{"line":4,"column":0},"end":{"line":4,"column":45}},"4":{"start":{"line":5,"column":0},"end":{"line":5,"column":30}},"5":{"start":{"line":6,"column":0},"end":{"line":6,"column":1}},"8":{"start":{"line":9,"column":0},"end":{"line":9,"column":58}},"9":{"start":{"line":10,"column":0},"end":{"line":10,"column":31}},"10":{"start":{"line":11,"column":0},"end":{"line":11,"column":16}},"11":{"start":{"line":12,"column":0},"end":{"line":12,"column":40}},"12":{"start":{"line":13,"column":0},"end":{"line":13,"column":45}},"13":{"start":{"line":14,"column":0},"end":{"line":14,"column":53}},"14":{"start":{"line":15,"column":0},"end":{"line":15,"column":74}},"15":{"start":{"line":16,"column":0},"end":{"line":16,"column":1}},"18":{"start":{"line":19,"column":0},"end":{"line":19,"column":44}},"19":{"start":{"line":20,"column":0},"end":{"line":20,"column":52}},"20":{"start":{"line":21,"column":0},"end":{"line":21,"column":31}},"22":{"start":{"line":23,"column":0},"end":{"line":23,"column":42}},"23":{"start":{"line":24,"column":0},"end":{"line":24,"column":52}},"24":{"start":{"line":25,"column":0},"end":{"line":25,"column":51}},"26":{"start":{"line":27,"column":0},"end":{"line":27,"column":43}},"27":{"start":{"line":28,"column":0},"end":{"line":28,"column":47}},"28":{"start":{"line":29,"column":0},"end":{"line":29,"column":22}},"29":{"start":{"line":30,"column":0},"end":{"line":30,"column":1}}},"s":{"0":1,"1":1,"3":1,"4":12797,"5":12797,"8":1,"9":49,"10":48,"11":49,"12":49,"13":49,"14":49,"15":49,"18":1,"19":66,"20":66,"22":59,"23":59,"24":59,"26":66,"27":66,"28":17,"29":17},"branchMap":{"0":{"type":"branch","line":4,"loc":{"start":{"line":4,"column":7},"end":{"line":6,"column":1}},"locations":[{"start":{"line":4,"column":7},"end":{"line":6,"column":1}}]},"1":{"type":"branch","line":9,"loc":{"start":{"line":9,"column":7},"end":{"line":16,"column":1}},"locations":[{"start":{"line":9,"column":7},"end":{"line":16,"column":1}}]},"2":{"type":"branch","line":10,"loc":{"start":{"line":10,"column":19},"end":{"line":10,"column":31}},"locations":[{"start":{"line":10,"column":19},"end":{"line":10,"column":31}}]},"3":{"type":"branch","line":10,"loc":{"start":{"line":10,"column":26},"end":{"line":12,"column":28}},"locations":[{"start":{"line":10,"column":26},"end":{"line":12,"column":28}}]},"4":{"type":"branch","line":12,"loc":{"start":{"line":12,"column":24},"end":{"line":12,"column":32}},"locations":[{"start":{"line":12,"column":24},"end":{"line":12,"column":32}}]},"5":{"type":"branch","line":12,"loc":{"start":{"line":12,"column":28},"end":{"line":12,"column":40}},"locations":[{"start":{"line":12,"column":28},"end":{"line":12,"column":40}}]},"6":{"type":"branch","line":19,"loc":{"start":{"line":19,"column":7},"end":{"line":30,"column":1}},"locations":[{"start":{"line":19,"column":7},"end":{"line":30,"column":1}}]},"7":{"type":"branch","line":20,"loc":{"start":{"line":20,"column":16},"end":{"line":20,"column":42}},"locations":[{"start":{"line":20,"column":16},"end":{"line":20,"column":42}}]},"8":{"type":"branch","line":20,"loc":{"start":{"line":20,"column":42},"end":{"line":20,"column":52}},"locations":[{"start":{"line":20,"column":42},"end":{"line":20,"column":52}}]},"9":{"type":"branch","line":20,"loc":{"start":{"line":20,"column":49},"end":{"line":21,"column":28}},"locations":[{"start":{"line":20,"column":49},"end":{"line":21,"column":28}}]},"10":{"type":"branch","line":21,"loc":{"start":{"line":21,"column":21},"end":{"line":21,"column":31}},"locations":[{"start":{"line":21,"column":21},"end":{"line":21,"column":31}}]},"11":{"type":"branch","line":21,"loc":{"start":{"line":21,"column":28},"end":{"line":27,"column":23}},"locations":[{"start":{"line":21,"column":28},"end":{"line":27,"column":23}}]},"12":{"type":"branch","line":27,"loc":{"start":{"line":27,"column":16},"end":{"line":27,"column":43}},"locations":[{"start":{"line":27,"column":16},"end":{"line":27,"column":43}}]},"13":{"type":"branch","line":27,"loc":{"start":{"line":27,"column":40},"end":{"line":28,"column":24}},"locations":[{"start":{"line":27,"column":40},"end":{"line":28,"column":24}}]},"14":{"type":"branch","line":28,"loc":{"start":{"line":28,"column":17},"end":{"line":28,"column":47}},"locations":[{"start":{"line":28,"column":17},"end":{"line":28,"column":47}}]},"15":{"type":"branch","line":28,"loc":{"start":{"line":28,"column":44},"end":{"line":30,"column":1}},"locations":[{"start":{"line":28,"column":44},"end":{"line":30,"column":1}}]}},"b":{"0":[12797],"1":[49],"2":[1],"3":[48],"4":[2],"5":[46],"6":[66],"7":[63],"8":[6],"9":[60],"10":[1],"11":[59],"12":[23],"13":[36],"14":[19],"15":[17]},"fnMap":{"0":{"name":"cn","decl":{"start":{"line":4,"column":7},"end":{"line":6,"column":1}},"loc":{"start":{"line":4,"column":7},"end":{"line":6,"column":1}},"line":4},"1":{"name":"formatBytes","decl":{"start":{"line":9,"column":7},"end":{"line":16,"column":1}},"loc":{"start":{"line":9,"column":7},"end":{"line":16,"column":1}},"line":9},"2":{"name":"formatEta","decl":{"start":{"line":19,"column":7},"end":{"line":30,"column":1}},"loc":{"start":{"line":19,"column":7},"end":{"line":30,"column":1}},"line":19}},"f":{"0":12797,"1":49,"2":66}}
,"/Users/alexyu/projects/personal/react-torrent/.worktrees/019-comprehensive-test-suite/src/types/tag.ts": {"path":"/Users/alexyu/projects/personal/react-torrent/.worktrees/019-comprehensive-test-suite/src/types/tag.ts","all":false,"statementMap":{"16":{"start":{"line":17,"column":0},"end":{"line":17,"column":26}},"17":{"start":{"line":18,"column":0},"end":{"line":18,"column":10}},"18":{"start":{"line":19,"column":0},"end":{"line":19,"column":9}},"19":{"start":{"line":20,"column":0},"end":{"line":20,"column":8}},"20":{"start":{"line":21,"column":0},"end":{"line":21,"column":11}},"21":{"start":{"line":22,"column":0},"end":{"line":22,"column":11}},"22":{"start":{"line":23,"column":0},"end":{"line":23,"column":9}},"23":{"start":{"line":24,"column":0},"end":{"line":24,"column":10}},"24":{"start":{"line":25,"column":0},"end":{"line":25,"column":9}},"25":{"start":{"line":26,"column":0},"end":{"line":26,"column":9}},"26":{"start":{"line":27,"column":0},"end":{"line":27,"column":9}},"27":{"start":{"line":28,"column":0},"end":{"line":28,"column":11}},"28":{"start":{"line":29,"column":0},"end":{"line":29,"column":11}},"29":{"start":{"line":30,"column":0},"end":{"line":30,"column":9}},"30":{"start":{"line":31,"column":0},"end":{"line":31,"column":9}},"31":{"start":{"line":32,"column":0},"end":{"line":32,"column":11}}},"s":{"16":1,"17":1,"18":1,"19":1,"20":1,"21":1,"22":1,"23":1,"24":1,"25":1,"26":1,"27":1,"28":1,"29":1,"30":1,"31":1},"branchMap":{},"b":{},"fnMap":{},"f":{}}
}
