TN:
SF:src/components/add-torrent-modal.tsx
FN:28,AddTorrentModal
FN:56,getBaseUrl
FN:61,queryFn
FN:67,mutationFn
FN:74,onSuccess
FN:78,onError
FN:85,mutationFn
FN:92,onSuccess
FN:96,onError
FN:102,resetForm
FN:117,handleClose
FN:123,handleFileChange
FN:132,isValidMagnetLink
FN:137,handleSubmit
FN:177,onClick
FN:186,onClick
FN:200,onChange
FN:221,onClick
FN:226,onClick
FN:247,onChange
FN:258,onChange
FN:289,onChange
FNF:22
FNH:20
FNDA:764,AddTorrentModal
FNDA:63,getBaseUrl
FNDA:43,queryFn
FNDA:15,mutationFn
FNDA:12,onSuccess
FNDA:3,onError
FNDA:5,mutationFn
FNDA:4,onSuccess
FNDA:1,onError
FNDA:20,resetForm
FNDA:20,handleClose
FNDA:8,handleFileChange
FNDA:17,isValidMagnetLink
FNDA:27,handleSubmit
FNDA:1,onClick
FNDA:12,onClick
FNDA:502,onChange
FNDA:0,onClick
FNDA:0,onClick
FNDA:60,onChange
FNDA:3,onChange
FNDA:4,onChange
DA:1,1
DA:2,1
DA:3,1
DA:4,1
DA:12,1
DA:13,1
DA:14,1
DA:15,1
DA:16,1
DA:17,1
DA:18,1
DA:28,1
DA:29,764
DA:30,764
DA:33,764
DA:34,764
DA:35,764
DA:36,764
DA:37,764
DA:38,764
DA:39,764
DA:40,764
DA:43,764
DA:46,764
DA:47,44
DA:48,43
DA:49,43
DA:50,764
DA:53,764
DA:56,764
DA:59,764
DA:60,764
DA:61,764
DA:62,764
DA:63,764
DA:66,764
DA:67,764
DA:68,15
DA:69,15
DA:70,15
DA:71,15
DA:72,15
DA:73,15
DA:74,764
DA:75,12
DA:76,12
DA:77,12
DA:78,764
DA:79,3
DA:80,3
DA:81,764
DA:84,764
DA:85,764
DA:86,5
DA:87,5
DA:88,5
DA:89,5
DA:90,5
DA:91,5
DA:92,764
DA:93,4
DA:94,4
DA:95,4
DA:96,764
DA:97,1
DA:98,1
DA:99,764
DA:102,764
DA:103,20
DA:104,20
DA:105,20
DA:106,20
DA:107,20
DA:108,20
DA:109,20
DA:110,20
DA:111,20
DA:112,5
DA:113,5
DA:114,20
DA:117,764
DA:118,20
DA:119,20
DA:120,20
DA:123,764
DA:124,8
DA:125,8
DA:126,8
DA:127,8
DA:128,8
DA:129,8
DA:132,764
DA:133,17
DA:134,17
DA:137,764
DA:138,27
DA:140,27
DA:141,20
DA:142,3
DA:143,3
DA:144,3
DA:145,20
DA:146,2
DA:147,2
DA:148,2
DA:149,15
DA:150,27
DA:151,7
DA:152,2
DA:153,2
DA:154,2
DA:155,5
DA:156,5
DA:157,27
DA:159,764
DA:160,764
DA:162,764
DA:163,764
DA:164,764
DA:165,764
DA:166,764
DA:167,764
DA:168,764
DA:170,764
DA:172,764
DA:173,764
DA:174,764
DA:175,764
DA:176,764
DA:177,764
DA:179,764
DA:180,764
DA:181,764
DA:182,764
DA:183,764
DA:184,764
DA:185,764
DA:186,764
DA:188,764
DA:189,764
DA:190,764
DA:191,764
DA:194,764
DA:195,726
DA:196,726
DA:197,726
DA:198,726
DA:199,726
DA:200,726
DA:201,502
DA:202,502
DA:203,502
DA:204,726
DA:205,726
DA:206,726
DA:207,726
DA:211,764
DA:212,38
DA:213,38
DA:214,38
DA:215,38
DA:216,38
DA:217,38
DA:218,38
DA:219,38
DA:220,38
DA:221,38
DA:222,38
DA:223,38
DA:224,38
DA:225,38
DA:226,38
DA:228,38
DA:229,38
DA:230,38
DA:231,38
DA:232,38
DA:233,38
DA:234,38
DA:235,38
DA:236,38
DA:237,38
DA:238,38
DA:242,764
DA:243,764
DA:244,764
DA:245,764
DA:246,764
DA:247,764
DA:248,764
DA:249,764
DA:250,764
DA:253,764
DA:254,764
DA:255,764
DA:256,764
DA:257,764
DA:258,764
DA:259,764
DA:261,764
DA:262,764
DA:263,2031
DA:264,2031
DA:265,2031
DA:266,764
DA:267,764
DA:268,764
DA:271,764
DA:272,11
DA:273,11
DA:274,11
DA:275,11
DA:276,11
DA:277,11
DA:278,11
DA:279,11
DA:280,11
DA:284,764
DA:285,764
DA:286,764
DA:287,764
DA:288,764
DA:289,764
DA:290,764
DA:291,764
DA:292,764
DA:293,764
DA:296,764
DA:297,13
DA:298,13
DA:299,13
DA:301,764
DA:303,764
DA:304,764
DA:305,764
DA:306,764
DA:307,764
DA:308,764
DA:309,2
DA:310,2
DA:311,2
DA:312,2
DA:314,762
DA:316,764
DA:317,764
DA:318,764
DA:319,764
DA:321,764
LF:248
LH:248
BRDA:28,0,0,764
BRDA:159,1,0,762
BRDA:160,2,0,677
BRDA:160,3,0,87
BRDA:175,4,0,726
BRDA:175,5,0,38
BRDA:184,6,0,38
BRDA:184,7,0,726
BRDA:194,8,0,726
BRDA:211,9,0,38
BRDA:218,10,0,24
BRDA:218,11,0,14
BRDA:271,12,0,11
BRDA:296,13,0,13
BRDA:308,14,0,2
BRDA:312,15,0,762
BRDA:46,16,0,44
BRDA:47,17,0,43
BRDA:56,18,0,63
BRDA:56,19,0,2
BRDA:61,20,0,43
BRDA:67,21,0,15
BRDA:69,22,0,13
BRDA:70,23,0,14
BRDA:71,24,0,0
BRDA:74,25,0,12
BRDA:78,26,0,3
BRDA:79,27,0,1
BRDA:85,28,0,5
BRDA:87,29,0,4
BRDA:88,30,0,4
BRDA:89,31,0,0
BRDA:92,32,0,4
BRDA:96,33,0,1
BRDA:97,34,0,0
BRDA:102,35,0,20
BRDA:111,36,0,5
BRDA:117,37,0,20
BRDA:123,38,0,8
BRDA:132,39,0,17
BRDA:137,40,0,27
BRDA:140,41,0,20
BRDA:141,42,0,3
BRDA:144,43,0,17
BRDA:145,44,0,2
BRDA:148,45,0,15
BRDA:150,46,0,7
BRDA:151,47,0,2
BRDA:154,48,0,5
BRDA:177,49,0,1
BRDA:186,50,0,12
BRDA:200,51,0,502
BRDA:247,52,0,60
BRDA:258,53,0,3
BRDA:262,54,0,2031
BRDA:289,55,0,4
BRF:56
BRH:53
end_of_record
TN:
SF:src/components/login-form.tsx
FN:14,LoginForm
FN:26,handleLogin
FN:54,onChange
FN:67,onChange
FNF:4
FNH:4
FNDA:260,LoginForm
FNDA:13,handleLogin
FNDA:151,onChange
FNDA:51,onChange
DA:1,1
DA:2,1
DA:3,1
DA:4,1
DA:5,1
DA:14,1
DA:15,260
DA:16,260
DA:17,260
DA:19,260
DA:21,32
DA:22,32
DA:23,260
DA:26,260
DA:28,13
DA:29,13
DA:33,13
DA:36,13
DA:37,13
DA:39,260
DA:40,260
DA:41,260
DA:42,260
DA:43,260
DA:44,2
DA:46,260
DA:47,260
DA:48,260
DA:50,260
DA:51,260
DA:52,260
DA:53,260
DA:54,260
DA:55,260
DA:56,260
DA:57,260
DA:58,260
DA:59,260
DA:60,260
DA:62,260
DA:63,260
DA:64,260
DA:65,260
DA:66,260
DA:67,260
DA:68,260
DA:69,260
DA:70,260
DA:71,260
DA:72,260
DA:73,260
DA:75,260
DA:76,260
DA:77,260
DA:79,260
LF:55
LH:55
BRDA:14,0,0,260
BRDA:43,1,0,2
BRDA:19,2,0,32
BRDA:21,3,0,24
BRDA:21,4,0,23
BRDA:22,5,0,24
BRDA:22,6,0,23
BRDA:26,7,0,13
BRDA:54,8,0,151
BRDA:67,9,0,51
BRF:10
BRH:10
end_of_record
TN:
SF:src/lib/api.ts
FN:60,getApiBaseUrl
FN:79,login
FN:117,getMaindata
FN:142,pauseTorrent
FN:165,resumeTorrent
FN:189,deleteTorrent
FN:216,getCategories
FN:237,setTorrentCategory
FN:274,addTorrentMagnet
FN:323,addTorrentFile
FN:364,getTorrentFiles
FN:388,setFilePriority
FN:418,getTrackers
FNF:13
FNH:11
FNDA:49,getApiBaseUrl
FNDA:7,login
FNDA:6,getMaindata
FNDA:5,pauseTorrent
FNDA:5,resumeTorrent
FNDA:8,deleteTorrent
FNDA:2,getCategories
FNDA:4,setTorrentCategory
FNDA:7,addTorrentMagnet
FNDA:3,addTorrentFile
FNDA:2,getTorrentFiles
FNDA:0,setFilePriority
FNDA:0,getTrackers
DA:37,1
DA:38,1
DA:39,1
DA:40,1
DA:41,1
DA:42,1
DA:43,1
DA:60,49
DA:61,49
DA:64,5
DA:65,49
DA:67,44
DA:68,44
DA:69,49
DA:79,7
DA:80,7
DA:81,7
DA:82,7
DA:83,7
DA:85,7
DA:86,7
DA:87,7
DA:88,7
DA:89,7
DA:90,7
DA:91,7
DA:92,7
DA:93,7
DA:95,7
DA:97,7
DA:98,2
DA:99,2
DA:100,2
DA:102,7
DA:103,4
DA:104,7
DA:106,1
DA:107,1
DA:108,7
DA:117,6
DA:118,6
DA:119,6
DA:120,6
DA:121,3
DA:122,3
DA:124,6
DA:125,6
DA:126,6
DA:127,6
DA:128,1
DA:129,1
DA:130,5
DA:131,5
DA:132,5
DA:133,5
DA:142,5
DA:143,5
DA:144,5
DA:145,5
DA:147,5
DA:148,5
DA:149,5
DA:150,5
DA:151,5
DA:153,5
DA:154,1
DA:155,1
DA:156,4
DA:157,4
DA:165,5
DA:166,5
DA:167,5
DA:168,5
DA:170,5
DA:171,5
DA:172,5
DA:173,5
DA:174,5
DA:176,5
DA:177,1
DA:178,1
DA:179,4
DA:180,4
DA:189,8
DA:190,8
DA:191,8
DA:192,8
DA:193,8
DA:194,8
DA:195,8
DA:196,8
DA:197,8
DA:199,8
DA:200,8
DA:201,8
DA:202,8
DA:203,8
DA:205,8
DA:206,1
DA:207,1
DA:208,7
DA:209,7
DA:216,2
DA:217,2
DA:219,2
DA:220,2
DA:221,2
DA:223,2
DA:224,1
DA:225,1
DA:227,1
DA:228,1
DA:237,4
DA:238,4
DA:239,4
DA:240,4
DA:241,4
DA:242,4
DA:243,4
DA:244,4
DA:245,4
DA:247,4
DA:248,4
DA:249,4
DA:250,4
DA:251,4
DA:253,4
DA:254,1
DA:255,1
DA:256,3
DA:257,3
DA:274,7
DA:275,7
DA:276,7
DA:277,7
DA:278,7
DA:279,7
DA:280,7
DA:281,7
DA:283,7
DA:284,2
DA:285,2
DA:286,7
DA:287,2
DA:288,2
DA:289,7
DA:290,2
DA:291,2
DA:292,7
DA:293,2
DA:294,2
DA:296,7
DA:297,7
DA:298,7
DA:299,7
DA:300,7
DA:302,7
DA:303,1
DA:304,1
DA:305,6
DA:306,6
DA:323,3
DA:324,3
DA:325,3
DA:326,3
DA:327,3
DA:328,3
DA:329,3
DA:330,3
DA:332,3
DA:333,1
DA:334,1
DA:335,3
DA:336,1
DA:337,1
DA:338,3
DA:339,1
DA:340,1
DA:341,3
DA:342,1
DA:343,1
DA:345,3
DA:346,3
DA:347,3
DA:348,3
DA:349,3
DA:351,3
DA:352,1
DA:353,1
DA:354,2
DA:355,2
DA:364,2
DA:365,2
DA:366,2
DA:367,2
DA:369,2
DA:370,2
DA:371,2
DA:373,2
DA:374,1
DA:375,1
DA:377,1
DA:378,1
DA:388,0
DA:389,0
DA:390,0
DA:391,0
DA:392,0
DA:393,0
DA:394,0
DA:395,0
DA:396,0
DA:397,0
DA:398,0
DA:400,0
DA:401,0
DA:402,0
DA:403,0
DA:404,0
DA:406,0
DA:407,0
DA:408,0
DA:409,0
DA:410,0
DA:418,0
DA:419,0
DA:420,0
DA:421,0
DA:423,0
DA:424,0
DA:425,0
DA:427,0
DA:428,0
DA:429,0
DA:431,0
DA:432,0
LF:236
LH:203
BRDA:60,0,0,49
BRDA:61,1,0,5
BRDA:65,2,0,44
BRDA:79,3,0,7
BRDA:82,4,0,1
BRDA:83,5,0,1
BRDA:97,6,0,2
BRDA:99,7,0,1
BRDA:100,8,0,5
BRDA:102,9,0,4
BRDA:104,10,0,1
BRDA:117,11,0,6
BRDA:120,12,0,3
BRDA:127,13,0,1
BRDA:129,14,0,5
BRDA:142,15,0,5
BRDA:145,16,0,2
BRDA:145,17,0,3
BRDA:153,18,0,1
BRDA:155,19,0,4
BRDA:165,20,0,5
BRDA:168,21,0,2
BRDA:168,22,0,3
BRDA:176,23,0,1
BRDA:178,24,0,4
BRDA:189,25,0,8
BRDA:196,26,0,3
BRDA:196,27,0,5
BRDA:197,28,0,2
BRDA:197,29,0,6
BRDA:205,30,0,1
BRDA:207,31,0,7
BRDA:216,32,0,2
BRDA:223,33,0,1
BRDA:237,34,0,4
BRDA:244,35,0,1
BRDA:244,36,0,3
BRDA:253,37,0,1
BRDA:255,38,0,3
BRDA:274,39,0,7
BRDA:283,40,0,5
BRDA:283,41,0,2
BRDA:286,42,0,5
BRDA:286,43,0,2
BRDA:289,44,0,5
BRDA:289,45,0,2
BRDA:292,46,0,5
BRDA:292,47,0,2
BRDA:293,48,0,1
BRDA:293,49,0,1
BRDA:302,50,0,1
BRDA:304,51,0,6
BRDA:323,52,0,3
BRDA:332,53,0,1
BRDA:332,54,0,1
BRDA:335,55,0,1
BRDA:335,56,0,1
BRDA:338,57,0,1
BRDA:338,58,0,1
BRDA:341,59,0,1
BRDA:341,60,0,1
BRDA:342,61,0,0
BRDA:351,62,0,1
BRDA:353,63,0,2
BRDA:364,64,0,2
BRDA:373,65,0,1
BRF:66
BRH:65
end_of_record
TN:
SF:src/lib/hooks.ts
FN:5,useMediaQuery
FN:13,handler
FNF:2
FNH:2
FNDA:43,useMediaQuery
FNDA:7,handler
DA:1,1
DA:5,1
DA:6,43
DA:8,43
DA:9,23
DA:10,23
DA:11,23
DA:13,23
DA:14,23
DA:16,23
DA:17,23
DA:18,43
DA:20,43
DA:21,43
LF:14
LH:14
BRDA:5,0,0,43
BRDA:8,1,0,23
BRDA:13,2,0,7
BRDA:16,3,0,23
BRF:4
BRH:4
end_of_record
TN:
SF:src/lib/tag-storage.ts
FN:14,generateId
FN:31,isValidTagColor
FN:40,getTags
FN:69,saveTags
FN:78,getTagById
FN:88,getTagByName
FN:100,tagNameExists
FN:113,validateTagName
FN:139,createTag
FN:172,updateTag
FN:219,deleteTag
FN:235,clearAllTags
FN:245,getTagsByNames
FN:258,parseTagString
FN:273,formatTagString
FNF:15
FNH:15
FNDA:34,generateId
FNDA:49,isValidTagColor
FNDA:113,getTags
FNDA:42,saveTags
FNDA:5,getTagById
FNDA:5,getTagByName
FNDA:46,tagNameExists
FNDA:54,validateTagName
FNDA:40,createTag
FNDA:9,updateTag
FNDA:3,deleteTag
FNDA:1,clearAllTags
FNDA:5,getTagsByNames
FNDA:6,parseTagString
FNDA:4,formatTagString
DA:2,1
DA:8,1
DA:14,34
DA:15,34
DA:16,34
DA:17,34
DA:19,0
DA:20,0
DA:21,0
DA:22,0
DA:23,0
DA:24,0
DA:31,1
DA:32,49
DA:33,20
DA:34,20
DA:40,1
DA:41,113
DA:42,113
DA:43,113
DA:44,63
DA:45,63
DA:46,50
DA:48,113
DA:49,1
DA:50,1
DA:52,48
DA:53,48
DA:54,62
DA:55,60
DA:56,59
DA:57,58
DA:58,57
DA:59,48
DA:60,113
DA:61,1
DA:62,1
DA:63,113
DA:69,42
DA:70,42
DA:71,42
DA:78,1
DA:79,5
DA:80,5
DA:81,5
DA:88,1
DA:89,5
DA:90,5
DA:91,5
DA:92,5
DA:100,1
DA:101,46
DA:102,46
DA:103,46
DA:104,46
DA:105,46
DA:106,46
DA:113,1
DA:114,54
DA:116,54
DA:117,5
DA:118,5
DA:120,54
DA:121,2
DA:122,2
DA:125,54
DA:126,2
DA:127,2
DA:129,45
DA:130,45
DA:139,1
DA:140,40
DA:142,40
DA:143,40
DA:144,4
DA:145,4
DA:147,40
DA:148,2
DA:149,2
DA:151,34
DA:152,34
DA:153,34
DA:154,40
DA:155,40
DA:156,40
DA:158,40
DA:159,40
DA:160,40
DA:162,40
DA:163,40
DA:172,1
DA:173,9
DA:174,9
DA:175,9
DA:176,9
DA:177,9
DA:179,9
DA:180,1
DA:181,1
DA:183,8
DA:186,9
DA:187,6
DA:189,6
DA:190,6
DA:191,1
DA:192,1
DA:194,6
DA:195,1
DA:196,1
DA:198,4
DA:199,4
DA:202,9
DA:203,3
DA:204,3
DA:206,6
DA:207,6
DA:209,6
DA:210,6
DA:219,1
DA:220,3
DA:221,3
DA:223,3
DA:224,1
DA:225,1
DA:227,2
DA:228,2
DA:229,2
DA:235,1
DA:236,1
DA:237,1
DA:245,1
DA:246,5
DA:247,5
DA:248,5
DA:249,7
DA:250,5
DA:251,5
DA:258,1
DA:259,6
DA:260,2
DA:261,2
DA:262,4
DA:263,4
DA:264,4
DA:265,4
DA:266,4
DA:273,1
DA:274,4
DA:275,4
LF:149
LH:143
BRDA:14,0,0,34
BRDA:17,1,0,0
BRDA:31,2,0,49
BRDA:32,3,0,29
BRDA:32,4,0,20
BRDA:40,5,0,113
BRDA:43,6,0,63
BRDA:45,7,0,50
BRDA:48,8,0,1
BRDA:50,9,0,48
BRDA:60,10,0,1
BRDA:53,11,0,62
BRDA:54,12,0,60
BRDA:55,13,0,59
BRDA:56,14,0,58
BRDA:57,15,0,57
BRDA:69,16,0,42
BRDA:78,17,0,5
BRDA:80,18,0,3
BRDA:88,19,0,5
BRDA:91,20,0,4
BRDA:100,21,0,46
BRDA:104,22,0,19
BRDA:104,23,0,8
BRDA:113,24,0,54
BRDA:116,25,0,5
BRDA:118,26,0,49
BRDA:120,27,0,2
BRDA:122,28,0,47
BRDA:125,29,0,2
BRDA:127,30,0,45
BRDA:139,31,0,40
BRDA:143,32,0,4
BRDA:145,33,0,36
BRDA:147,34,0,2
BRDA:149,35,0,34
BRDA:154,36,0,6
BRDA:154,37,0,28
BRDA:172,38,0,9
BRDA:179,39,0,1
BRDA:181,40,0,8
BRDA:186,41,0,6
BRDA:190,42,0,1
BRDA:192,43,0,5
BRDA:194,44,0,1
BRDA:196,45,0,4
BRDA:202,46,0,3
BRDA:203,47,0,2
BRDA:203,48,0,1
BRDA:204,49,0,6
BRDA:177,50,0,9
BRDA:219,51,0,3
BRDA:223,52,0,1
BRDA:225,53,0,2
BRDA:221,54,0,3
BRDA:235,55,0,1
BRDA:245,56,0,5
BRDA:247,57,0,6
BRDA:248,58,0,7
BRDA:258,59,0,6
BRDA:259,60,0,5
BRDA:259,61,0,2
BRDA:261,62,0,4
BRDA:264,63,0,13
BRDA:265,64,0,13
BRDA:273,65,0,4
BRDA:274,66,0,8
BRF:67
BRH:66
end_of_record
TN:
SF:src/lib/utils.ts
FN:4,cn
FN:9,formatBytes
FN:19,formatEta
FNF:3
FNH:3
FNDA:12797,cn
FNDA:49,formatBytes
FNDA:66,formatEta
DA:1,1
DA:2,1
DA:4,1
DA:5,12797
DA:6,12797
DA:9,1
DA:10,49
DA:11,48
DA:12,49
DA:13,49
DA:14,49
DA:15,49
DA:16,49
DA:19,1
DA:20,66
DA:21,66
DA:23,59
DA:24,59
DA:25,59
DA:27,66
DA:28,66
DA:29,17
DA:30,17
LF:23
LH:23
BRDA:4,0,0,12797
BRDA:9,1,0,49
BRDA:10,2,0,1
BRDA:10,3,0,48
BRDA:12,4,0,2
BRDA:12,5,0,46
BRDA:19,6,0,66
BRDA:20,7,0,63
BRDA:20,8,0,6
BRDA:20,9,0,60
BRDA:21,10,0,1
BRDA:21,11,0,59
BRDA:27,12,0,23
BRDA:27,13,0,36
BRDA:28,14,0,19
BRDA:28,15,0,17
BRF:16
BRH:16
end_of_record
TN:
SF:src/types/tag.ts
FNF:0
FNH:0
DA:17,1
DA:18,1
DA:19,1
DA:20,1
DA:21,1
DA:22,1
DA:23,1
DA:24,1
DA:25,1
DA:26,1
DA:27,1
DA:28,1
DA:29,1
DA:30,1
DA:31,1
DA:32,1
LF:16
LH:16
BRF:0
BRH:0
end_of_record
